2022-02-04 06:24:43.9537|INFO|Microsoft.Hosting.Lifetime|Application started. Press Ctrl+C to shut down.
2022-02-04 06:24:43.9852|INFO|Microsoft.Hosting.Lifetime|Hosting environment: Development
2022-02-04 06:24:43.9852|INFO|Microsoft.Hosting.Lifetime|Content root path: E:\Proyectos\0-NetCore\eRestaurtant.Project\0-eRestaurant.Desa\eWebApi
2022-02-04 06:24:49.2635|ERROR|Microsoft.EntityFrameworkCore.Database.Connection|An error occurred using the connection to database 'bd_eRestaurant' on server 'localhost'.
2022-02-04 06:24:49.4407|ERROR|Microsoft.EntityFrameworkCore.Query|An exception occurred while iterating over the results of a query for context type 'eInfrastructure.Contexts.ApplicationDbContext'.
System.InvalidOperationException: An exception has been raised that is likely due to a transient failure. Consider enabling transient error resiliency by adding 'EnableRetryOnFailure()' to the 'UseMySql' call.
 ---> MySql.Data.MySqlClient.MySqlException (0x80004005): Unable to connect to any of the specified MySQL hosts.
   at MySqlConnector.Core.ServerSession.ConnectAsync(ConnectionSettings cs, Int32 startTickCount, ILoadBalancer loadBalancer, IOBehavior ioBehavior, CancellationToken cancellationToken) in /_/src/MySqlConnector/Core/ServerSession.cs:line 474
   at MySqlConnector.Core.ConnectionPool.GetSessionAsync(MySqlConnection connection, Int32 startTickCount, IOBehavior ioBehavior, CancellationToken cancellationToken) in /_/src/MySqlConnector/Core/ConnectionPool.cs:line 112
   at MySqlConnector.Core.ConnectionPool.GetSessionAsync(MySqlConnection connection, Int32 startTickCount, IOBehavior ioBehavior, CancellationToken cancellationToken) in /_/src/MySqlConnector/Core/ConnectionPool.cs:line 141
   at MySql.Data.MySqlClient.MySqlConnection.CreateSessionAsync(ConnectionPool pool, Int32 startTickCount, Nullable`1 ioBehavior, CancellationToken cancellationToken) in /_/src/MySqlConnector/MySql.Data.MySqlClient/MySqlConnection.cs:line 729
   at MySql.Data.MySqlClient.MySqlConnection.OpenAsync(Nullable`1 ioBehavior, CancellationToken cancellationToken) in /_/src/MySqlConnector/MySql.Data.MySqlClient/MySqlConnection.cs:line 396
   at MySql.Data.MySqlClient.MySqlConnection.Open() in /_/src/MySqlConnector/MySql.Data.MySqlClient/MySqlConnection.cs:line 362
   at Microsoft.EntityFrameworkCore.Storage.RelationalConnection.OpenDbConnection(Boolean errorsExpected)
   at Microsoft.EntityFrameworkCore.Storage.RelationalConnection.Open(Boolean errorsExpected)
   at Pomelo.EntityFrameworkCore.MySql.Storage.Internal.MySqlRelationalConnection.Open(Boolean errorsExpected)
   at Microsoft.EntityFrameworkCore.Storage.RelationalCommand.ExecuteReader(RelationalCommandParameterObject parameterObject)
   at Microsoft.EntityFrameworkCore.Query.Internal.QueryingEnumerable`1.Enumerator.InitializeReader(DbContext _, Boolean result)
   at Pomelo.EntityFrameworkCore.MySql.Storage.Internal.MySqlExecutionStrategy.Execute[TState,TResult](TState state, Func`3 operation, Func`3 verifySucceeded)
   --- End of inner exception stack trace ---
   at Pomelo.EntityFrameworkCore.MySql.Storage.Internal.MySqlExecutionStrategy.Execute[TState,TResult](TState state, Func`3 operation, Func`3 verifySucceeded)
   at Microsoft.EntityFrameworkCore.Query.Internal.QueryingEnumerable`1.Enumerator.MoveNext()
2022-02-04 06:26:06.6748|ERROR|Microsoft.AspNetCore.Diagnostics.DeveloperExceptionPageMiddleware|An unhandled exception has occurred while executing the request.
2022-02-04 06:26:10.9017|DEBUG|eWebApi.Controllers.CarritoController|WebHookModel: {
	"notify":{
			"id":2813,
			"type":"debtStatus",
			"version":1,
			"time":"2022-02-03T22:32:13+00:00",
			"merchant":"erestauran229",
			"app":"website",
			"env":"test"
	},"debt":{
		"docId":"637795134395274455Usuario00001",
		"label":"Compra Carrito\/637795134395274455Usuario00001",
		"slug":"637795134395274455Usuario00001",
		"payUrl":"https:\/\/staging.adamspay.com\/pay\/erestauran229\/debt\/637795134395274455Usuario00001",
		"amount":{
			"currency":"PYG",
			"value":"8000.000000",
			"paid":"8000.000000"
		},
		"exchangeRate":null,
		"target":{
			"type":null,
			"number":null,
			"label":null
		},
		"description":null,
		"validPeriod":{
			"start":"2022-02-03T07:30:44+00:00",
			"end":"2022-02-04T01:30:44+00:00"
		},
		"payStatus":{
			"status":"paid",
			"code":null,
			"time":"2022-02-03T22:32:13+00:00",
			"text":null
		},
		"statusHash":"ca97744c467b69b9cd91ae946d2e01e9",
		"attr":null,
		"uiTheme":null,
		"objId":"20709",
		"objStatus":{
			"status":"success",
			"code":null,
			"time":"2022-02-03T22:32:13+00:00",
			"text":null
		},
		"created":"2022-02-03T22:30:44+00:00",
		"updated":"2022-02-03T22:32:13+00:00",
		"refs":null,
		"meta":{
			"merchantObjId":"1402",
			"appObjId":"389",
			"firstTxObjId":"13400",
			"lastTxObjId":"13400"
		}
	}
}. Request: {"Accept":["*/*"],"Accept-Encoding":["gzip, deflate, br"],"Connection":["keep-alive"],"Content-Length":["1338"],"Content-Type":["application/json"],"Host":["localhost:15299"],"User-Agent":["PostmanRuntime/7.29.0"],"x-adams-notify-hash":["c083e1b3cf72e9e0dbdadad7588a211d"],"Postman-Token":["95301d48-72e3-4bb5-a798-733605df4da0"]}
2022-02-04 06:26:10.9460|DEBUG|eWebApi.Controllers.CarritoController|AdamsHash: c083e1b3cf72e9e0dbdadad7588a211d, MyHash: ce9f5c808c91ac944fd46a4af72d93d5
2022-02-04 06:26:22.9505|INFO|Microsoft.Hosting.Lifetime|Application started. Press Ctrl+C to shut down.
2022-02-04 06:26:22.9655|INFO|Microsoft.Hosting.Lifetime|Hosting environment: Development
2022-02-04 06:26:22.9655|INFO|Microsoft.Hosting.Lifetime|Content root path: E:\Proyectos\0-NetCore\eRestaurtant.Project\0-eRestaurant.Desa\eWebApi
2022-02-04 06:26:34.6507|DEBUG|eWebApi.Controllers.CarritoController|WebHookModel: {
	"notify":{
			"id":2813,
			"type":"debtStatus",
			"version":1,
			"time":"2022-02-03T22:32:13+00:00",
			"merchant":"erestauran229",
			"app":"website",
			"env":"test"
	},"debt":{
		"docId":"637795134395274455Usuario00001",
		"label":"Compra Carrito\/637795134395274455Usuario00001",
		"slug":"637795134395274455Usuario00001",
		"payUrl":"https:\/\/staging.adamspay.com\/pay\/erestauran229\/debt\/637795134395274455Usuario00001",
		"amount":{
			"currency":"PYG",
			"value":"8000.000000",
			"paid":"8000.000000"
		},
		"exchangeRate":null,
		"target":{
			"type":null,
			"number":null,
			"label":null
		},
		"description":null,
		"validPeriod":{
			"start":"2022-02-03T07:30:44+00:00",
			"end":"2022-02-04T01:30:44+00:00"
		},
		"payStatus":{
			"status":"paid",
			"code":null,
			"time":"2022-02-03T22:32:13+00:00",
			"text":null
		},
		"statusHash":"ca97744c467b69b9cd91ae946d2e01e9",
		"attr":null,
		"uiTheme":null,
		"objId":"20709",
		"objStatus":{
			"status":"success",
			"code":null,
			"time":"2022-02-03T22:32:13+00:00",
			"text":null
		},
		"created":"2022-02-03T22:30:44+00:00",
		"updated":"2022-02-03T22:32:13+00:00",
		"refs":null,
		"meta":{
			"merchantObjId":"1402",
			"appObjId":"389",
			"firstTxObjId":"13400",
			"lastTxObjId":"13400"
		}
	}
}. Request: {"Accept":["*/*"],"Accept-Encoding":["gzip, deflate, br"],"Connection":["keep-alive"],"Content-Length":["1338"],"Content-Type":["application/json"],"Host":["localhost:15299"],"User-Agent":["PostmanRuntime/7.29.0"],"x-adams-notify-hash":["c083e1b3cf72e9e0dbdadad7588a211d"],"Postman-Token":["0b271c11-f5fa-47e6-994d-9e0bac3e5f82"]}
2022-02-04 06:27:44.3066|DEBUG|eWebApi.Controllers.CarritoController|AdamsHash: c083e1b3cf72e9e0dbdadad7588a211d, MyHash: ce9f5c808c91ac944fd46a4af72d93d5
2022-02-04 06:28:19.0049|DEBUG|eWebApi.Controllers.CarritoController|WebHookModel: {
	"notify":{
			"id":2813,
			"type":"debtStatus",
			"version":1,
			"time":"2022-02-03T22:32:13+00:00",
			"merchant":"erestauran229",
			"app":"website",
			"env":"test"
	},"debt":{
		"docId":"637795134395274455Usuario00001",
		"label":"Compra Carrito\/637795134395274455Usuario00001",
		"slug":"637795134395274455Usuario00001",
		"payUrl":"https:\/\/staging.adamspay.com\/pay\/erestauran229\/debt\/637795134395274455Usuario00001",
		"amount":{
			"currency":"PYG",
			"value":"8000.000000",
			"paid":"8000.000000"
		},
		"exchangeRate":null,
		"target":{
			"type":null,
			"number":null,
			"label":null
		},
		"description":null,
		"validPeriod":{
			"start":"2022-02-03T07:30:44+00:00",
			"end":"2022-02-04T01:30:44+00:00"
		},
		"payStatus":{
			"status":"paid",
			"code":null,
			"time":"2022-02-03T22:32:13+00:00",
			"text":null
		},
		"statusHash":"ca97744c467b69b9cd91ae946d2e01e9",
		"attr":null,
		"uiTheme":null,
		"objId":"20709",
		"objStatus":{
			"status":"success",
			"code":null,
			"time":"2022-02-03T22:32:13+00:00",
			"text":null
		},
		"created":"2022-02-03T22:30:44+00:00",
		"updated":"2022-02-03T22:32:13+00:00",
		"refs":null,
		"meta":{
			"merchantObjId":"1402",
			"appObjId":"389",
			"firstTxObjId":"13400",
			"lastTxObjId":"13400"
		}
	}
}. Request: {"Accept":["*/*"],"Accept-Encoding":["gzip, deflate, br"],"Connection":["keep-alive"],"Content-Length":["1338"],"Content-Type":["application/json"],"Host":["localhost:15299"],"User-Agent":["PostmanRuntime/7.29.0"],"x-adams-notify-hash":["c083e1b3cf72e9e0dbdadad7588a211d"],"Postman-Token":["7932667e-b539-4be9-b31e-30452ef09b34"]}
2022-02-04 06:31:20.2444|INFO|Microsoft.Hosting.Lifetime|Application started. Press Ctrl+C to shut down.
2022-02-04 06:31:20.2614|INFO|Microsoft.Hosting.Lifetime|Hosting environment: Development
2022-02-04 06:31:20.2614|INFO|Microsoft.Hosting.Lifetime|Content root path: E:\Proyectos\0-NetCore\eRestaurtant.Project\0-eRestaurant.Desa\eWebApi
2022-02-04 06:31:36.5399|DEBUG|eWebApi.Controllers.CarritoController|WebHookModel: {
	"notify":{
			"id":2813,
			"type":"debtStatus",
			"version":1,
			"time":"2022-02-03T22:32:13+00:00",
			"merchant":"erestauran229",
			"app":"website",
			"env":"test"
	},"debt":{
		"docId":"637795134395274455Usuario00001",
		"label":"Compra Carrito\/637795134395274455Usuario00001",
		"slug":"637795134395274455Usuario00001",
		"payUrl":"https:\/\/staging.adamspay.com\/pay\/erestauran229\/debt\/637795134395274455Usuario00001",
		"amount":{
			"currency":"PYG",
			"value":"8000.000000",
			"paid":"8000.000000"
		},
		"exchangeRate":null,
		"target":{
			"type":null,
			"number":null,
			"label":null
		},
		"description":null,
		"validPeriod":{
			"start":"2022-02-03T07:30:44+00:00",
			"end":"2022-02-04T01:30:44+00:00"
		},
		"payStatus":{
			"status":"paid",
			"code":null,
			"time":"2022-02-03T22:32:13+00:00",
			"text":null
		},
		"statusHash":"ca97744c467b69b9cd91ae946d2e01e9",
		"attr":null,
		"uiTheme":null,
		"objId":"20709",
		"objStatus":{
			"status":"success",
			"code":null,
			"time":"2022-02-03T22:32:13+00:00",
			"text":null
		},
		"created":"2022-02-03T22:30:44+00:00",
		"updated":"2022-02-03T22:32:13+00:00",
		"refs":null,
		"meta":{
			"merchantObjId":"1402",
			"appObjId":"389",
			"firstTxObjId":"13400",
			"lastTxObjId":"13400"
		}
	}
}. Request: {"Accept":["*/*"],"Accept-Encoding":["gzip, deflate, br"],"Connection":["keep-alive"],"Content-Length":["1338"],"Content-Type":["application/json"],"Host":["localhost:15299"],"User-Agent":["PostmanRuntime/7.29.0"],"x-adams-notify-hash":["c083e1b3cf72e9e0dbdadad7588a211d"],"Postman-Token":["3052af28-a5cf-4da3-9a1a-6fd3a80cb3c3"]}
2022-02-04 20:59:19.8694|INFO|Microsoft.Hosting.Lifetime|Application started. Press Ctrl+C to shut down.
2022-02-04 20:59:19.9036|INFO|Microsoft.Hosting.Lifetime|Hosting environment: Development
2022-02-04 20:59:19.9036|INFO|Microsoft.Hosting.Lifetime|Content root path: E:\Proyectos\0-NetCore\eRestaurtant.Project\0-eRestaurant.Desa\eWebApi
2022-02-04 21:00:49.3633|INFO|Microsoft.Hosting.Lifetime|Application started. Press Ctrl+C to shut down.
2022-02-04 21:00:49.3782|INFO|Microsoft.Hosting.Lifetime|Hosting environment: Development
2022-02-04 21:00:49.3782|INFO|Microsoft.Hosting.Lifetime|Content root path: E:\Proyectos\0-NetCore\eRestaurtant.Project\0-eRestaurant.Desa\eWebApi
2022-02-04 21:01:01.5625|DEBUG|eInfrastructure.Repositories.CarritoRepository|Listado: [{"IdCarrito":2,"IdProducto":1,"Producto":{"IdProducto":1,"NombreProducto":"Empanada de Carne","DescripcionProducto":"Delicioso","ImagenProducto":"no-imagen","Precio":7500.0,"IdCategoria":1,"Categoria":null,"IdEstadoProducto":1,"EstadoProducto":null,"IdUsuarioRegistro":1,"UsuarioRegistro":{"IdUsuario":1,"Cedula":"ADM001","Nombre":"ADMINISTRADOR GENERAL","Contraseña":"$2a$11$Gdoe/PxT6smTyAoThD0rDOwm6NWRm0Cx4kkCDu7Tbyg4JsVe1xsYS","Correo":"vicram10@gmail.com","IdUsuarioRegistro":1,"FechaRegistro":"2022-02-02T20:26:58.110525","IdiomaElegido":"ES","esAdministrador":true,"IdEstado":1,"Estado":{"IdEstado":1,"DescripcionEstado":"USUARIO ACTIVO"}},"FechaRegistro":"2022-02-02T22:46:44.921074"},"IdUsuario":1,"UsuarioSolicito":{"IdUsuario":1,"Cedula":"ADM001","Nombre":"ADMINISTRADOR GENERAL","Contraseña":"$2a$11$Gdoe/PxT6smTyAoThD0rDOwm6NWRm0Cx4kkCDu7Tbyg4JsVe1xsYS","Correo":"vicram10@gmail.com","IdUsuarioRegistro":1,"FechaRegistro":"2022-02-02T20:26:58.110525","IdiomaElegido":"ES","esAdministrador":true,"IdEstado":1,"Estado":{"IdEstado":1,"DescripcionEstado":"USUARIO ACTIVO"}},"UrlPago":"","DocIDAdamsPay":"637794441289717580Usuario00001","FechaRegistro":"2022-02-03T00:15:28.971953","Estado":3},{"IdCarrito":3,"IdProducto":1,"Producto":{"IdProducto":1,"NombreProducto":"Empanada de Carne","DescripcionProducto":"Delicioso","ImagenProducto":"no-imagen","Precio":7500.0,"IdCategoria":1,"Categoria":null,"IdEstadoProducto":1,"EstadoProducto":null,"IdUsuarioRegistro":1,"UsuarioRegistro":{"IdUsuario":1,"Cedula":"ADM001","Nombre":"ADMINISTRADOR GENERAL","Contraseña":"$2a$11$Gdoe/PxT6smTyAoThD0rDOwm6NWRm0Cx4kkCDu7Tbyg4JsVe1xsYS","Correo":"vicram10@gmail.com","IdUsuarioRegistro":1,"FechaRegistro":"2022-02-02T20:26:58.110525","IdiomaElegido":"ES","esAdministrador":true,"IdEstado":1,"Estado":{"IdEstado":1,"DescripcionEstado":"USUARIO ACTIVO"}},"FechaRegistro":"2022-02-02T22:46:44.921074"},"IdUsuario":1,"UsuarioSolicito":{"IdUsuario":1,"Cedula":"ADM001","Nombre":"ADMINISTRADOR GENERAL","Contraseña":"$2a$11$Gdoe/PxT6smTyAoThD0rDOwm6NWRm0Cx4kkCDu7Tbyg4JsVe1xsYS","Correo":"vicram10@gmail.com","IdUsuarioRegistro":1,"FechaRegistro":"2022-02-02T20:26:58.110525","IdiomaElegido":"ES","esAdministrador":true,"IdEstado":1,"Estado":{"IdEstado":1,"DescripcionEstado":"USUARIO ACTIVO"}},"UrlPago":"","DocIDAdamsPay":"637794441289717580Usuario00001","FechaRegistro":"2022-02-03T00:15:31.665566","Estado":3}]
2022-02-04 21:01:18.6681|DEBUG|eWebApi.Controllers.CarritoController|WebHookModel: {"notify":{"id":2813,"type":"debtStatus","version":1,"time":"2022-02-03T22:32:13+00:00","merchant":"erestauran229","app":"website","env":"test"},"debt":{"docId":"637795134395274455Usuario00001","label":"Compra Carrito\/637795134395274455Usuario00001","slug":"637795134395274455Usuario00001","payUrl":"https:\/\/staging.adamspay.com\/pay\/erestauran229\/debt\/637795134395274455Usuario00001","amount":{"currency":"PYG","value":"8000.000000","paid":"8000.000000"},"exchangeRate":null,"target":{"type":null,"number":null,"label":null},"description":null,"validPeriod":{"start":"2022-02-03T07:30:44+00:00","end":"2022-02-04T01:30:44+00:00"},"payStatus":{"status":"paid","code":null,"time":"2022-02-03T22:32:13+00:00","text":null},"statusHash":"ca97744c467b69b9cd91ae946d2e01e9","attr":null,"uiTheme":null,"objId":"20709","objStatus":{"status":"success","code":null,"time":"2022-02-03T22:32:13+00:00","text":null},"created":"2022-02-03T22:30:44+00:00","updated":"2022-02-03T22:32:13+00:00","refs":null,"meta":{"merchantObjId":"1402","appObjId":"389","firstTxObjId":"13400","lastTxObjId":"13400"}}}. Request: {"Accept":["*/*"],"Accept-Encoding":["gzip, deflate, br"],"Connection":["keep-alive"],"Content-Length":["1092"],"Content-Type":["application/json"],"Host":["localhost:15299"],"User-Agent":["PostmanRuntime/7.29.0"],"x-adams-notify-hash":["c083e1b3cf72e9e0dbdadad7588a211d"],"Postman-Token":["b84bf567-8013-4af5-aabb-7a4654f793f6"]}
2022-02-04 21:02:12.9834|DEBUG|eWebApi.Controllers.CarritoController|WebHookModel: {"notify":{"id":2813,"type":"debtStatus","version":1,"time":"2022-02-03T22:32:13+00:00","merchant":"erestauran229","app":"website","env":"test"},"debt":{"docId":"637795134395274455Usuario00001","label":"Compra Carrito\/637795134395274455Usuario00001","slug":"637795134395274455Usuario00001","payUrl":"https:\/\/staging.adamspay.com\/pay\/erestauran229\/debt\/637795134395274455Usuario00001","amount":{"currency":"PYG","value":"8000.000000","paid":"8000.000000"},"exchangeRate":null,"target":{"type":null,"number":null,"label":null},"description":null,"validPeriod":{"start":"2022-02-03T07:30:44+00:00","end":"2022-02-04T01:30:44+00:00"},"payStatus":{"status":"paid","code":null,"time":"2022-02-03T22:32:13+00:00","text":null},"statusHash":"ca97744c467b69b9cd91ae946d2e01e9","attr":null,"uiTheme":null,"objId":"20709","objStatus":{"status":"success","code":null,"time":"2022-02-03T22:32:13+00:00","text":null},"created":"2022-02-03T22:30:44+00:00","updated":"2022-02-03T22:32:13+00:00","refs":null,"meta":{"merchantObjId":"1402","appObjId":"389","firstTxObjId":"13400","lastTxObjId":"13400"}}}. Request: {"Accept":["*/*"],"Accept-Encoding":["gzip, deflate, br"],"Connection":["keep-alive"],"Content-Length":["1092"],"Content-Type":["application/json"],"Host":["localhost:15299"],"User-Agent":["PostmanRuntime/7.29.0"],"x-adams-notify-hash":["c083e1b3cf72e9e0dbdadad7588a211d"],"Postman-Token":["ffcbaabd-50c4-417d-a5b1-492e17f07d85"]}
2022-02-04 22:10:41.1301|INFO|Microsoft.Hosting.Lifetime|Application started. Press Ctrl+C to shut down.
2022-02-04 22:10:41.1663|INFO|Microsoft.Hosting.Lifetime|Hosting environment: Development
2022-02-04 22:10:41.1663|INFO|Microsoft.Hosting.Lifetime|Content root path: E:\Proyectos\0-NetCore\eRestaurtant.Project\0-eRestaurant.Desa\eWebApi
2022-02-04 22:10:51.1881|DEBUG|eInfrastructure.Repositories.CarritoRepository|Listado: [{"IdCarrito":2,"IdProducto":1,"Producto":{"IdProducto":1,"NombreProducto":"Empanada de Carne","DescripcionProducto":"Delicioso","ImagenProducto":"no-imagen","Precio":7500.0,"IdCategoria":1,"Categoria":null,"IdEstadoProducto":1,"EstadoProducto":null,"IdUsuarioRegistro":1,"UsuarioRegistro":{"IdUsuario":1,"Cedula":"ADM001","Nombre":"ADMINISTRADOR GENERAL","Contraseña":"$2a$11$VVjEd4utxUieu9.wPQzpGe/8AhQi2fBh6rChzMQONPj5VyiGFxI3G","Correo":"vicram10@gmail.com","IdUsuarioRegistro":1,"FechaRegistro":"2022-02-04T21:34:46.255382","IdiomaElegido":"ES","esAdministrador":true,"IdEstado":1,"Estado":{"IdEstado":1,"DescripcionEstado":"USUARIO ACTIVO"}},"FechaRegistro":"2022-02-02T22:46:44.921074"},"IdUsuario":1,"UsuarioSolicito":{"IdUsuario":1,"Cedula":"ADM001","Nombre":"ADMINISTRADOR GENERAL","Contraseña":"$2a$11$VVjEd4utxUieu9.wPQzpGe/8AhQi2fBh6rChzMQONPj5VyiGFxI3G","Correo":"vicram10@gmail.com","IdUsuarioRegistro":1,"FechaRegistro":"2022-02-04T21:34:46.255382","IdiomaElegido":"ES","esAdministrador":true,"IdEstado":1,"Estado":{"IdEstado":1,"DescripcionEstado":"USUARIO ACTIVO"}},"UrlPago":"","DocIDAdamsPay":"637794441289717580Usuario00001","FechaRegistro":"2022-02-03T00:15:28.971953","FechaPago":"0001-01-01T00:00:00","Estado":3},{"IdCarrito":3,"IdProducto":1,"Producto":{"IdProducto":1,"NombreProducto":"Empanada de Carne","DescripcionProducto":"Delicioso","ImagenProducto":"no-imagen","Precio":7500.0,"IdCategoria":1,"Categoria":null,"IdEstadoProducto":1,"EstadoProducto":null,"IdUsuarioRegistro":1,"UsuarioRegistro":{"IdUsuario":1,"Cedula":"ADM001","Nombre":"ADMINISTRADOR GENERAL","Contraseña":"$2a$11$VVjEd4utxUieu9.wPQzpGe/8AhQi2fBh6rChzMQONPj5VyiGFxI3G","Correo":"vicram10@gmail.com","IdUsuarioRegistro":1,"FechaRegistro":"2022-02-04T21:34:46.255382","IdiomaElegido":"ES","esAdministrador":true,"IdEstado":1,"Estado":{"IdEstado":1,"DescripcionEstado":"USUARIO ACTIVO"}},"FechaRegistro":"2022-02-02T22:46:44.921074"},"IdUsuario":1,"UsuarioSolicito":{"IdUsuario":1,"Cedula":"ADM001","Nombre":"ADMINISTRADOR GENERAL","Contraseña":"$2a$11$VVjEd4utxUieu9.wPQzpGe/8AhQi2fBh6rChzMQONPj5VyiGFxI3G","Correo":"vicram10@gmail.com","IdUsuarioRegistro":1,"FechaRegistro":"2022-02-04T21:34:46.255382","IdiomaElegido":"ES","esAdministrador":true,"IdEstado":1,"Estado":{"IdEstado":1,"DescripcionEstado":"USUARIO ACTIVO"}},"UrlPago":"","DocIDAdamsPay":"637794441289717580Usuario00001","FechaRegistro":"2022-02-03T00:15:31.665566","FechaPago":"0001-01-01T00:00:00","Estado":3}]
2022-02-04 22:10:52.8653|DEBUG|eInfrastructure.Repositories.CarritoRepository|Listado: [{"IdCarrito":2,"IdProducto":1,"Producto":{"IdProducto":1,"NombreProducto":"Empanada de Carne","DescripcionProducto":"Delicioso","ImagenProducto":"no-imagen","Precio":7500.0,"IdCategoria":1,"Categoria":null,"IdEstadoProducto":1,"EstadoProducto":null,"IdUsuarioRegistro":1,"UsuarioRegistro":{"IdUsuario":1,"Cedula":"ADM001","Nombre":"ADMINISTRADOR GENERAL","Contraseña":"$2a$11$VVjEd4utxUieu9.wPQzpGe/8AhQi2fBh6rChzMQONPj5VyiGFxI3G","Correo":"vicram10@gmail.com","IdUsuarioRegistro":1,"FechaRegistro":"2022-02-04T21:34:46.255382","IdiomaElegido":"ES","esAdministrador":true,"IdEstado":1,"Estado":null},"FechaRegistro":"2022-02-02T22:46:44.921074"},"IdUsuario":1,"UsuarioSolicito":{"IdUsuario":1,"Cedula":"ADM001","Nombre":"ADMINISTRADOR GENERAL","Contraseña":"$2a$11$VVjEd4utxUieu9.wPQzpGe/8AhQi2fBh6rChzMQONPj5VyiGFxI3G","Correo":"vicram10@gmail.com","IdUsuarioRegistro":1,"FechaRegistro":"2022-02-04T21:34:46.255382","IdiomaElegido":"ES","esAdministrador":true,"IdEstado":1,"Estado":null},"UrlPago":"","DocIDAdamsPay":"637794441289717580Usuario00001","FechaRegistro":"2022-02-03T00:15:28.971953","FechaPago":"0001-01-01T00:00:00","Estado":3},{"IdCarrito":3,"IdProducto":1,"Producto":{"IdProducto":1,"NombreProducto":"Empanada de Carne","DescripcionProducto":"Delicioso","ImagenProducto":"no-imagen","Precio":7500.0,"IdCategoria":1,"Categoria":null,"IdEstadoProducto":1,"EstadoProducto":null,"IdUsuarioRegistro":1,"UsuarioRegistro":{"IdUsuario":1,"Cedula":"ADM001","Nombre":"ADMINISTRADOR GENERAL","Contraseña":"$2a$11$VVjEd4utxUieu9.wPQzpGe/8AhQi2fBh6rChzMQONPj5VyiGFxI3G","Correo":"vicram10@gmail.com","IdUsuarioRegistro":1,"FechaRegistro":"2022-02-04T21:34:46.255382","IdiomaElegido":"ES","esAdministrador":true,"IdEstado":1,"Estado":null},"FechaRegistro":"2022-02-02T22:46:44.921074"},"IdUsuario":1,"UsuarioSolicito":{"IdUsuario":1,"Cedula":"ADM001","Nombre":"ADMINISTRADOR GENERAL","Contraseña":"$2a$11$VVjEd4utxUieu9.wPQzpGe/8AhQi2fBh6rChzMQONPj5VyiGFxI3G","Correo":"vicram10@gmail.com","IdUsuarioRegistro":1,"FechaRegistro":"2022-02-04T21:34:46.255382","IdiomaElegido":"ES","esAdministrador":true,"IdEstado":1,"Estado":null},"UrlPago":"","DocIDAdamsPay":"637794441289717580Usuario00001","FechaRegistro":"2022-02-03T00:15:31.665566","FechaPago":"0001-01-01T00:00:00","Estado":3}]
2022-02-04 22:10:52.8653|DEBUG|eWebApi.Controllers.CarritoController|ListadoCarrito: [{"IdCarrito":2,"IdProducto":1,"Producto":{"IdProducto":1,"NombreProducto":"Empanada de Carne","DescripcionProducto":"Delicioso","ImagenProducto":"no-imagen","Precio":7500.0,"IdCategoria":1,"Categoria":null,"IdEstadoProducto":1,"EstadoProducto":null,"IdUsuarioRegistro":1,"UsuarioRegistro":{"IdUsuario":1,"Cedula":"ADM001","Nombre":"ADMINISTRADOR GENERAL","Contraseña":"$2a$11$VVjEd4utxUieu9.wPQzpGe/8AhQi2fBh6rChzMQONPj5VyiGFxI3G","Correo":"vicram10@gmail.com","IdUsuarioRegistro":1,"FechaRegistro":"2022-02-04T21:34:46.255382","IdiomaElegido":"ES","esAdministrador":true,"IdEstado":1,"Estado":null},"FechaRegistro":"2022-02-02T22:46:44.921074"},"IdUsuario":1,"UsuarioSolicito":{"IdUsuario":1,"Cedula":"ADM001","Nombre":"ADMINISTRADOR GENERAL","Contraseña":"$2a$11$VVjEd4utxUieu9.wPQzpGe/8AhQi2fBh6rChzMQONPj5VyiGFxI3G","Correo":"vicram10@gmail.com","IdUsuarioRegistro":1,"FechaRegistro":"2022-02-04T21:34:46.255382","IdiomaElegido":"ES","esAdministrador":true,"IdEstado":1,"Estado":null},"UrlPago":"","DocIDAdamsPay":"637794441289717580Usuario00001","FechaRegistro":"2022-02-03T00:15:28.971953","FechaPago":"0001-01-01T00:00:00","Estado":3},{"IdCarrito":3,"IdProducto":1,"Producto":{"IdProducto":1,"NombreProducto":"Empanada de Carne","DescripcionProducto":"Delicioso","ImagenProducto":"no-imagen","Precio":7500.0,"IdCategoria":1,"Categoria":null,"IdEstadoProducto":1,"EstadoProducto":null,"IdUsuarioRegistro":1,"UsuarioRegistro":{"IdUsuario":1,"Cedula":"ADM001","Nombre":"ADMINISTRADOR GENERAL","Contraseña":"$2a$11$VVjEd4utxUieu9.wPQzpGe/8AhQi2fBh6rChzMQONPj5VyiGFxI3G","Correo":"vicram10@gmail.com","IdUsuarioRegistro":1,"FechaRegistro":"2022-02-04T21:34:46.255382","IdiomaElegido":"ES","esAdministrador":true,"IdEstado":1,"Estado":null},"FechaRegistro":"2022-02-02T22:46:44.921074"},"IdUsuario":1,"UsuarioSolicito":{"IdUsuario":1,"Cedula":"ADM001","Nombre":"ADMINISTRADOR GENERAL","Contraseña":"$2a$11$VVjEd4utxUieu9.wPQzpGe/8AhQi2fBh6rChzMQONPj5VyiGFxI3G","Correo":"vicram10@gmail.com","IdUsuarioRegistro":1,"FechaRegistro":"2022-02-04T21:34:46.255382","IdiomaElegido":"ES","esAdministrador":true,"IdEstado":1,"Estado":null},"UrlPago":"","DocIDAdamsPay":"637794441289717580Usuario00001","FechaRegistro":"2022-02-03T00:15:31.665566","FechaPago":"0001-01-01T00:00:00","Estado":3}]
