2022-01-30 00:00:44.7117|INFO|Microsoft.Hosting.Lifetime|Application started. Press Ctrl+C to shut down.
2022-01-30 00:00:44.7267|INFO|Microsoft.Hosting.Lifetime|Hosting environment: Development
2022-01-30 00:00:44.7267|INFO|Microsoft.Hosting.Lifetime|Content root path: E:\Proyectos\0-NetCore\eRestaurant\eWebApi
2022-01-30 00:20:07.8804|INFO|Microsoft.Hosting.Lifetime|Application started. Press Ctrl+C to shut down.
2022-01-30 00:20:07.8804|INFO|Microsoft.Hosting.Lifetime|Hosting environment: Development
2022-01-30 00:20:07.8959|INFO|Microsoft.Hosting.Lifetime|Content root path: E:\Proyectos\0-NetCore\eRestaurant\eWebApi
2022-01-30 00:20:18.9686|ERROR|Microsoft.AspNetCore.Diagnostics.DeveloperExceptionPageMiddleware|An unhandled exception has occurred while executing the request.
2022-01-30 00:20:39.3803|INFO|Microsoft.Hosting.Lifetime|Application started. Press Ctrl+C to shut down.
2022-01-30 00:20:39.3803|INFO|Microsoft.Hosting.Lifetime|Hosting environment: Development
2022-01-30 00:20:39.3955|INFO|Microsoft.Hosting.Lifetime|Content root path: E:\Proyectos\0-NetCore\eRestaurant\eWebApi
2022-01-30 00:21:39.6284|INFO|Microsoft.Hosting.Lifetime|Application started. Press Ctrl+C to shut down.
2022-01-30 00:21:39.6424|INFO|Microsoft.Hosting.Lifetime|Hosting environment: Development
2022-01-30 00:21:39.6424|INFO|Microsoft.Hosting.Lifetime|Content root path: E:\Proyectos\0-NetCore\eRestaurant\eWebApi
2022-01-30 00:22:19.0370|INFO|Microsoft.Hosting.Lifetime|Application started. Press Ctrl+C to shut down.
2022-01-30 00:22:19.0581|INFO|Microsoft.Hosting.Lifetime|Hosting environment: Development
2022-01-30 00:22:19.0581|INFO|Microsoft.Hosting.Lifetime|Content root path: E:\Proyectos\0-NetCore\eRestaurant\eWebApi
2022-01-30 00:23:32.5722|INFO|Microsoft.Hosting.Lifetime|Application started. Press Ctrl+C to shut down.
2022-01-30 00:23:32.5898|INFO|Microsoft.Hosting.Lifetime|Hosting environment: Development
2022-01-30 00:23:32.5898|INFO|Microsoft.Hosting.Lifetime|Content root path: E:\Proyectos\0-NetCore\eRestaurant\eWebApi
2022-01-30 00:24:41.8312|INFO|Microsoft.Hosting.Lifetime|Application started. Press Ctrl+C to shut down.
2022-01-30 00:24:41.8451|INFO|Microsoft.Hosting.Lifetime|Hosting environment: Development
2022-01-30 00:24:41.8451|INFO|Microsoft.Hosting.Lifetime|Content root path: E:\Proyectos\0-NetCore\eRestaurant\eWebApi
2022-01-30 00:25:47.4989|INFO|Microsoft.Hosting.Lifetime|Application started. Press Ctrl+C to shut down.
2022-01-30 00:25:47.5217|INFO|Microsoft.Hosting.Lifetime|Hosting environment: Development
2022-01-30 00:25:47.5217|INFO|Microsoft.Hosting.Lifetime|Content root path: E:\Proyectos\0-NetCore\eRestaurant\eWebApi
2022-01-30 00:26:57.1311|INFO|Microsoft.Hosting.Lifetime|Application started. Press Ctrl+C to shut down.
2022-01-30 00:26:57.1464|INFO|Microsoft.Hosting.Lifetime|Hosting environment: Development
2022-01-30 00:26:57.1464|INFO|Microsoft.Hosting.Lifetime|Content root path: E:\Proyectos\0-NetCore\eRestaurant\eWebApi
2022-01-30 00:27:40.3098|INFO|Microsoft.Hosting.Lifetime|Application started. Press Ctrl+C to shut down.
2022-01-30 00:27:40.3233|INFO|Microsoft.Hosting.Lifetime|Hosting environment: Development
2022-01-30 00:27:40.3233|INFO|Microsoft.Hosting.Lifetime|Content root path: E:\Proyectos\0-NetCore\eRestaurant\eWebApi
2022-01-30 00:29:12.3281|INFO|Microsoft.Hosting.Lifetime|Application started. Press Ctrl+C to shut down.
2022-01-30 00:29:12.3441|INFO|Microsoft.Hosting.Lifetime|Hosting environment: Development
2022-01-30 00:29:12.3441|INFO|Microsoft.Hosting.Lifetime|Content root path: E:\Proyectos\0-NetCore\eRestaurant\eWebApi
2022-01-30 00:29:29.5414|INFO|Microsoft.Hosting.Lifetime|Application started. Press Ctrl+C to shut down.
2022-01-30 00:29:29.5556|INFO|Microsoft.Hosting.Lifetime|Hosting environment: Development
2022-01-30 00:29:29.5556|INFO|Microsoft.Hosting.Lifetime|Content root path: E:\Proyectos\0-NetCore\eRestaurant\eWebApi
2022-01-30 00:29:36.8125|INFO|Microsoft.Hosting.Lifetime|Application started. Press Ctrl+C to shut down.
2022-01-30 00:29:36.8264|INFO|Microsoft.Hosting.Lifetime|Hosting environment: Development
2022-01-30 00:29:36.8264|INFO|Microsoft.Hosting.Lifetime|Content root path: E:\Proyectos\0-NetCore\eRestaurant\eWebApi
2022-01-30 00:29:55.1722|INFO|Microsoft.Hosting.Lifetime|Application started. Press Ctrl+C to shut down.
2022-01-30 00:29:55.1863|INFO|Microsoft.Hosting.Lifetime|Hosting environment: Development
2022-01-30 00:29:55.1863|INFO|Microsoft.Hosting.Lifetime|Content root path: E:\Proyectos\0-NetCore\eRestaurant\eWebApi
2022-01-30 00:30:07.6998|INFO|Microsoft.Hosting.Lifetime|Application started. Press Ctrl+C to shut down.
2022-01-30 00:30:07.7157|INFO|Microsoft.Hosting.Lifetime|Hosting environment: Development
2022-01-30 00:30:07.7157|INFO|Microsoft.Hosting.Lifetime|Content root path: E:\Proyectos\0-NetCore\eRestaurant\eWebApi
2022-01-30 00:30:12.4678|INFO|Microsoft.Hosting.Lifetime|Application started. Press Ctrl+C to shut down.
2022-01-30 00:30:12.4844|INFO|Microsoft.Hosting.Lifetime|Hosting environment: Development
2022-01-30 00:30:12.4844|INFO|Microsoft.Hosting.Lifetime|Content root path: E:\Proyectos\0-NetCore\eRestaurant\eWebApi
2022-01-30 00:31:06.3769|INFO|Microsoft.Hosting.Lifetime|Application started. Press Ctrl+C to shut down.
2022-01-30 00:31:06.3926|INFO|Microsoft.Hosting.Lifetime|Hosting environment: Development
2022-01-30 00:31:06.3926|INFO|Microsoft.Hosting.Lifetime|Content root path: E:\Proyectos\0-NetCore\eRestaurant\eWebApi
2022-01-30 00:36:23.6777|INFO|Microsoft.Hosting.Lifetime|Application started. Press Ctrl+C to shut down.
2022-01-30 00:36:23.6931|INFO|Microsoft.Hosting.Lifetime|Hosting environment: Development
2022-01-30 00:36:23.6931|INFO|Microsoft.Hosting.Lifetime|Content root path: E:\Proyectos\0-NetCore\eRestaurant\eWebApi
2022-01-30 00:53:18.0797|INFO|Microsoft.Hosting.Lifetime|Application started. Press Ctrl+C to shut down.
2022-01-30 00:53:18.0963|INFO|Microsoft.Hosting.Lifetime|Hosting environment: Development
2022-01-30 00:53:18.0963|INFO|Microsoft.Hosting.Lifetime|Content root path: E:\Proyectos\0-NetCore\eRestaurant\eWebApi
2022-01-30 00:57:16.9795|INFO|Microsoft.Hosting.Lifetime|Application started. Press Ctrl+C to shut down.
2022-01-30 00:57:16.9941|INFO|Microsoft.Hosting.Lifetime|Hosting environment: Development
2022-01-30 00:57:16.9941|INFO|Microsoft.Hosting.Lifetime|Content root path: E:\Proyectos\0-NetCore\eRestaurant\eWebApi
2022-01-30 01:00:06.1721|INFO|Microsoft.Hosting.Lifetime|Application started. Press Ctrl+C to shut down.
2022-01-30 01:00:06.1886|INFO|Microsoft.Hosting.Lifetime|Hosting environment: Development
2022-01-30 01:00:06.1886|INFO|Microsoft.Hosting.Lifetime|Content root path: E:\Proyectos\0-NetCore\eRestaurant\eWebApi
2022-01-30 01:04:32.2933|INFO|Microsoft.Hosting.Lifetime|Application started. Press Ctrl+C to shut down.
2022-01-30 01:04:32.3122|INFO|Microsoft.Hosting.Lifetime|Hosting environment: Development
2022-01-30 01:04:32.3122|INFO|Microsoft.Hosting.Lifetime|Content root path: E:\Proyectos\0-NetCore\eRestaurant\eWebApi
2022-01-30 01:05:41.3748|INFO|Microsoft.Hosting.Lifetime|Application started. Press Ctrl+C to shut down.
2022-01-30 01:05:41.3907|INFO|Microsoft.Hosting.Lifetime|Hosting environment: Development
2022-01-30 01:05:41.3907|INFO|Microsoft.Hosting.Lifetime|Content root path: E:\Proyectos\0-NetCore\eRestaurant\eWebApi
2022-01-30 01:09:33.1233|INFO|Microsoft.Hosting.Lifetime|Application started. Press Ctrl+C to shut down.
2022-01-30 01:09:33.1403|INFO|Microsoft.Hosting.Lifetime|Hosting environment: Development
2022-01-30 01:09:33.1403|INFO|Microsoft.Hosting.Lifetime|Content root path: E:\Proyectos\0-NetCore\eRestaurant\eWebApi
2022-01-30 01:10:19.2114|INFO|Microsoft.Hosting.Lifetime|Application started. Press Ctrl+C to shut down.
2022-01-30 01:10:19.2282|INFO|Microsoft.Hosting.Lifetime|Hosting environment: Development
2022-01-30 01:10:19.2282|INFO|Microsoft.Hosting.Lifetime|Content root path: E:\Proyectos\0-NetCore\eRestaurant\eWebApi
2022-01-30 01:14:06.0820|INFO|Microsoft.Hosting.Lifetime|Application started. Press Ctrl+C to shut down.
2022-01-30 01:14:06.0978|INFO|Microsoft.Hosting.Lifetime|Hosting environment: Development
2022-01-30 01:14:06.0999|INFO|Microsoft.Hosting.Lifetime|Content root path: E:\Proyectos\0-NetCore\eRestaurant\eWebApi
2022-01-30 01:25:38.2927|INFO|Microsoft.Hosting.Lifetime|Application started. Press Ctrl+C to shut down.
2022-01-30 01:25:38.3064|INFO|Microsoft.Hosting.Lifetime|Hosting environment: Development
2022-01-30 01:25:38.3064|INFO|Microsoft.Hosting.Lifetime|Content root path: E:\Proyectos\0-NetCore\eRestaurant\eWebApi
2022-01-30 01:25:54.1650|ERROR|Microsoft.AspNetCore.Diagnostics.DeveloperExceptionPageMiddleware|An unhandled exception has occurred while executing the request.
2022-01-30 01:26:19.3182|INFO|Microsoft.Hosting.Lifetime|Application started. Press Ctrl+C to shut down.
2022-01-30 01:26:19.3182|INFO|Microsoft.Hosting.Lifetime|Hosting environment: Development
2022-01-30 01:26:19.3344|INFO|Microsoft.Hosting.Lifetime|Content root path: E:\Proyectos\0-NetCore\eRestaurant\eWebApi
2022-01-30 01:27:38.9285|INFO|Microsoft.Hosting.Lifetime|Application started. Press Ctrl+C to shut down.
2022-01-30 01:27:38.9423|INFO|Microsoft.Hosting.Lifetime|Hosting environment: Development
2022-01-30 01:27:38.9423|INFO|Microsoft.Hosting.Lifetime|Content root path: E:\Proyectos\0-NetCore\eRestaurant\eWebApi
2022-01-30 01:29:21.8381|INFO|Microsoft.Hosting.Lifetime|Application started. Press Ctrl+C to shut down.
2022-01-30 01:29:21.8566|INFO|Microsoft.Hosting.Lifetime|Hosting environment: Development
2022-01-30 01:29:21.8566|INFO|Microsoft.Hosting.Lifetime|Content root path: E:\Proyectos\0-NetCore\eRestaurant\eWebApi
2022-01-30 01:29:56.9553|INFO|Microsoft.Hosting.Lifetime|Application started. Press Ctrl+C to shut down.
2022-01-30 01:29:56.9690|INFO|Microsoft.Hosting.Lifetime|Hosting environment: Development
2022-01-30 01:29:56.9690|INFO|Microsoft.Hosting.Lifetime|Content root path: E:\Proyectos\0-NetCore\eRestaurant\eWebApi
2022-01-30 01:30:49.8090|INFO|Microsoft.Hosting.Lifetime|Application started. Press Ctrl+C to shut down.
2022-01-30 01:30:49.8233|INFO|Microsoft.Hosting.Lifetime|Hosting environment: Development
2022-01-30 01:30:49.8233|INFO|Microsoft.Hosting.Lifetime|Content root path: E:\Proyectos\0-NetCore\eRestaurant\eWebApi
2022-01-30 01:32:21.9897|INFO|Microsoft.Hosting.Lifetime|Application started. Press Ctrl+C to shut down.
2022-01-30 01:32:21.9897|INFO|Microsoft.Hosting.Lifetime|Hosting environment: Development
2022-01-30 01:32:21.9897|INFO|Microsoft.Hosting.Lifetime|Content root path: E:\Proyectos\0-NetCore\eRestaurant\eWebApi
2022-01-30 01:33:26.9420|INFO|Microsoft.Hosting.Lifetime|Application started. Press Ctrl+C to shut down.
2022-01-30 01:33:26.9420|INFO|Microsoft.Hosting.Lifetime|Hosting environment: Development
2022-01-30 01:33:26.9578|INFO|Microsoft.Hosting.Lifetime|Content root path: E:\Proyectos\0-NetCore\eRestaurant\eWebApi
2022-01-30 01:34:05.1910|INFO|Microsoft.Hosting.Lifetime|Application started. Press Ctrl+C to shut down.
2022-01-30 01:34:05.2082|INFO|Microsoft.Hosting.Lifetime|Hosting environment: Development
2022-01-30 01:34:05.2101|INFO|Microsoft.Hosting.Lifetime|Content root path: E:\Proyectos\0-NetCore\eRestaurant\eWebApi
2022-01-30 01:34:54.4356|INFO|Microsoft.Hosting.Lifetime|Application started. Press Ctrl+C to shut down.
2022-01-30 01:34:54.4498|INFO|Microsoft.Hosting.Lifetime|Hosting environment: Development
2022-01-30 01:34:54.4498|INFO|Microsoft.Hosting.Lifetime|Content root path: E:\Proyectos\0-NetCore\eRestaurant\eWebApi
2022-01-30 01:35:02.5114|INFO|Microsoft.Hosting.Lifetime|Application started. Press Ctrl+C to shut down.
2022-01-30 01:35:02.5255|INFO|Microsoft.Hosting.Lifetime|Hosting environment: Development
2022-01-30 01:35:02.5255|INFO|Microsoft.Hosting.Lifetime|Content root path: E:\Proyectos\0-NetCore\eRestaurant\eWebApi
2022-01-30 01:38:07.7017|INFO|Microsoft.Hosting.Lifetime|Application started. Press Ctrl+C to shut down.
2022-01-30 01:38:07.7159|INFO|Microsoft.Hosting.Lifetime|Hosting environment: Development
2022-01-30 01:38:07.7159|INFO|Microsoft.Hosting.Lifetime|Content root path: E:\Proyectos\0-NetCore\eRestaurant\eWebApi
2022-01-30 01:40:53.5982|INFO|Microsoft.Hosting.Lifetime|Application started. Press Ctrl+C to shut down.
2022-01-30 01:40:53.5982|INFO|Microsoft.Hosting.Lifetime|Hosting environment: Development
2022-01-30 01:40:53.5982|INFO|Microsoft.Hosting.Lifetime|Content root path: E:\Proyectos\0-NetCore\eRestaurant\eWebApi
2022-01-30 01:43:45.5365|INFO|Microsoft.Hosting.Lifetime|Application started. Press Ctrl+C to shut down.
2022-01-30 01:43:45.5365|INFO|Microsoft.Hosting.Lifetime|Hosting environment: Development
2022-01-30 01:43:45.5519|INFO|Microsoft.Hosting.Lifetime|Content root path: E:\Proyectos\0-NetCore\eRestaurant\eWebApi
2022-01-30 01:45:05.5483|INFO|Microsoft.Hosting.Lifetime|Application started. Press Ctrl+C to shut down.
2022-01-30 01:45:05.5620|INFO|Microsoft.Hosting.Lifetime|Hosting environment: Development
2022-01-30 01:45:05.5620|INFO|Microsoft.Hosting.Lifetime|Content root path: E:\Proyectos\0-NetCore\eRestaurant\eWebApi
2022-01-30 01:45:45.3651|INFO|Microsoft.Hosting.Lifetime|Application started. Press Ctrl+C to shut down.
2022-01-30 01:45:45.3801|INFO|Microsoft.Hosting.Lifetime|Hosting environment: Development
2022-01-30 01:45:45.3801|INFO|Microsoft.Hosting.Lifetime|Content root path: E:\Proyectos\0-NetCore\eRestaurant\eWebApi
2022-01-30 01:47:28.7681|INFO|Microsoft.Hosting.Lifetime|Application started. Press Ctrl+C to shut down.
2022-01-30 01:47:28.7822|INFO|Microsoft.Hosting.Lifetime|Hosting environment: Development
2022-01-30 01:47:28.7822|INFO|Microsoft.Hosting.Lifetime|Content root path: E:\Proyectos\0-NetCore\eRestaurant\eWebApi
2022-01-30 01:47:58.1579|INFO|Microsoft.Hosting.Lifetime|Application started. Press Ctrl+C to shut down.
2022-01-30 01:47:58.1718|INFO|Microsoft.Hosting.Lifetime|Hosting environment: Development
2022-01-30 01:47:58.1718|INFO|Microsoft.Hosting.Lifetime|Content root path: E:\Proyectos\0-NetCore\eRestaurant\eWebApi
2022-01-30 01:48:24.0438|INFO|Microsoft.Hosting.Lifetime|Application started. Press Ctrl+C to shut down.
2022-01-30 01:48:24.0586|INFO|Microsoft.Hosting.Lifetime|Hosting environment: Development
2022-01-30 01:48:24.0586|INFO|Microsoft.Hosting.Lifetime|Content root path: E:\Proyectos\0-NetCore\eRestaurant\eWebApi
2022-01-30 01:48:54.2003|INFO|Microsoft.Hosting.Lifetime|Application started. Press Ctrl+C to shut down.
2022-01-30 01:48:54.2144|INFO|Microsoft.Hosting.Lifetime|Hosting environment: Development
2022-01-30 01:48:54.2144|INFO|Microsoft.Hosting.Lifetime|Content root path: E:\Proyectos\0-NetCore\eRestaurant\eWebApi
2022-01-30 01:49:30.6812|INFO|Microsoft.Hosting.Lifetime|Application started. Press Ctrl+C to shut down.
2022-01-30 01:49:30.6952|INFO|Microsoft.Hosting.Lifetime|Hosting environment: Development
2022-01-30 01:49:30.6952|INFO|Microsoft.Hosting.Lifetime|Content root path: E:\Proyectos\0-NetCore\eRestaurant\eWebApi
2022-01-30 01:50:34.7670|INFO|Microsoft.Hosting.Lifetime|Application started. Press Ctrl+C to shut down.
2022-01-30 01:50:34.7827|INFO|Microsoft.Hosting.Lifetime|Hosting environment: Development
2022-01-30 01:50:34.7827|INFO|Microsoft.Hosting.Lifetime|Content root path: E:\Proyectos\0-NetCore\eRestaurant\eWebApi
2022-01-30 01:50:45.2475|INFO|Microsoft.Hosting.Lifetime|Application started. Press Ctrl+C to shut down.
2022-01-30 01:50:45.2616|INFO|Microsoft.Hosting.Lifetime|Hosting environment: Development
2022-01-30 01:50:45.2616|INFO|Microsoft.Hosting.Lifetime|Content root path: E:\Proyectos\0-NetCore\eRestaurant\eWebApi
2022-01-30 01:50:51.1465|ERROR|Microsoft.AspNetCore.Diagnostics.DeveloperExceptionPageMiddleware|An unhandled exception has occurred while executing the request.
2022-01-30 01:51:10.6362|INFO|Microsoft.Hosting.Lifetime|Application started. Press Ctrl+C to shut down.
2022-01-30 01:51:10.6505|INFO|Microsoft.Hosting.Lifetime|Hosting environment: Development
2022-01-30 01:51:10.6505|INFO|Microsoft.Hosting.Lifetime|Content root path: E:\Proyectos\0-NetCore\eRestaurant\eWebApi
2022-01-30 01:51:13.5560|ERROR|Microsoft.AspNetCore.Diagnostics.DeveloperExceptionPageMiddleware|An unhandled exception has occurred while executing the request.
2022-01-30 01:51:18.5410|INFO|Microsoft.Hosting.Lifetime|Application started. Press Ctrl+C to shut down.
2022-01-30 01:51:18.5554|INFO|Microsoft.Hosting.Lifetime|Hosting environment: Development
2022-01-30 01:51:18.5554|INFO|Microsoft.Hosting.Lifetime|Content root path: E:\Proyectos\0-NetCore\eRestaurant\eWebApi
2022-01-30 01:51:21.4315|ERROR|Microsoft.AspNetCore.Diagnostics.DeveloperExceptionPageMiddleware|An unhandled exception has occurred while executing the request.
2022-01-30 01:52:03.9598|INFO|Microsoft.Hosting.Lifetime|Application started. Press Ctrl+C to shut down.
2022-01-30 01:52:03.9740|INFO|Microsoft.Hosting.Lifetime|Hosting environment: Development
2022-01-30 01:52:03.9740|INFO|Microsoft.Hosting.Lifetime|Content root path: E:\Proyectos\0-NetCore\eRestaurant\eWebApi
2022-01-30 01:52:06.8388|ERROR|Microsoft.AspNetCore.Diagnostics.DeveloperExceptionPageMiddleware|An unhandled exception has occurred while executing the request.
2022-01-30 01:52:27.6985|INFO|Microsoft.Hosting.Lifetime|Application started. Press Ctrl+C to shut down.
2022-01-30 01:52:27.7121|INFO|Microsoft.Hosting.Lifetime|Hosting environment: Development
2022-01-30 01:52:27.7121|INFO|Microsoft.Hosting.Lifetime|Content root path: E:\Proyectos\0-NetCore\eRestaurant\eWebApi
2022-01-30 01:56:48.1316|INFO|Microsoft.Hosting.Lifetime|Application started. Press Ctrl+C to shut down.
2022-01-30 01:56:48.1454|INFO|Microsoft.Hosting.Lifetime|Hosting environment: Development
2022-01-30 01:56:48.1454|INFO|Microsoft.Hosting.Lifetime|Content root path: E:\Proyectos\0-NetCore\eRestaurant\eWebApi
2022-01-30 01:57:21.1325|INFO|Microsoft.Hosting.Lifetime|Application started. Press Ctrl+C to shut down.
2022-01-30 01:57:21.1465|INFO|Microsoft.Hosting.Lifetime|Hosting environment: Development
2022-01-30 01:57:21.1465|INFO|Microsoft.Hosting.Lifetime|Content root path: E:\Proyectos\0-NetCore\eRestaurant\eWebApi
2022-01-30 01:58:29.7644|INFO|Microsoft.Hosting.Lifetime|Application started. Press Ctrl+C to shut down.
2022-01-30 01:58:29.7783|INFO|Microsoft.Hosting.Lifetime|Hosting environment: Development
2022-01-30 01:58:29.7783|INFO|Microsoft.Hosting.Lifetime|Content root path: E:\Proyectos\0-NetCore\eRestaurant\eWebApi
2022-01-30 01:59:40.2117|INFO|Microsoft.Hosting.Lifetime|Application started. Press Ctrl+C to shut down.
2022-01-30 01:59:40.2258|INFO|Microsoft.Hosting.Lifetime|Hosting environment: Development
2022-01-30 01:59:40.2258|INFO|Microsoft.Hosting.Lifetime|Content root path: E:\Proyectos\0-NetCore\eRestaurant\eWebApi
2022-01-30 02:00:00.2650|INFO|Microsoft.Hosting.Lifetime|Application started. Press Ctrl+C to shut down.
2022-01-30 02:00:00.2800|INFO|Microsoft.Hosting.Lifetime|Hosting environment: Development
2022-01-30 02:00:00.2800|INFO|Microsoft.Hosting.Lifetime|Content root path: E:\Proyectos\0-NetCore\eRestaurant\eWebApi
2022-01-30 02:00:09.1331|INFO|Microsoft.Hosting.Lifetime|Application started. Press Ctrl+C to shut down.
2022-01-30 02:00:09.1473|INFO|Microsoft.Hosting.Lifetime|Hosting environment: Development
2022-01-30 02:00:09.1473|INFO|Microsoft.Hosting.Lifetime|Content root path: E:\Proyectos\0-NetCore\eRestaurant\eWebApi
2022-01-30 02:00:40.8243|ERROR|Microsoft.AspNetCore.Diagnostics.DeveloperExceptionPageMiddleware|An unhandled exception has occurred while executing the request.
2022-01-30 02:01:09.0759|INFO|Microsoft.Hosting.Lifetime|Application started. Press Ctrl+C to shut down.
2022-01-30 02:01:09.0904|INFO|Microsoft.Hosting.Lifetime|Hosting environment: Development
2022-01-30 02:01:09.0904|INFO|Microsoft.Hosting.Lifetime|Content root path: E:\Proyectos\0-NetCore\eRestaurant\eWebApi
2022-01-30 02:01:17.1173|INFO|Microsoft.Hosting.Lifetime|Application started. Press Ctrl+C to shut down.
2022-01-30 02:01:17.1310|INFO|Microsoft.Hosting.Lifetime|Hosting environment: Development
2022-01-30 02:01:17.1310|INFO|Microsoft.Hosting.Lifetime|Content root path: E:\Proyectos\0-NetCore\eRestaurant\eWebApi
2022-01-30 02:03:26.8272|INFO|Microsoft.Hosting.Lifetime|Application started. Press Ctrl+C to shut down.
2022-01-30 02:03:26.8412|INFO|Microsoft.Hosting.Lifetime|Hosting environment: Development
2022-01-30 02:03:26.8412|INFO|Microsoft.Hosting.Lifetime|Content root path: E:\Proyectos\0-NetCore\eRestaurant\eWebApi
2022-01-30 02:03:44.7147|INFO|Microsoft.Hosting.Lifetime|Application started. Press Ctrl+C to shut down.
2022-01-30 02:03:44.7286|INFO|Microsoft.Hosting.Lifetime|Hosting environment: Development
2022-01-30 02:03:44.7286|INFO|Microsoft.Hosting.Lifetime|Content root path: E:\Proyectos\0-NetCore\eRestaurant\eWebApi
2022-01-30 02:04:12.5817|INFO|Microsoft.Hosting.Lifetime|Application started. Press Ctrl+C to shut down.
2022-01-30 02:04:12.5956|INFO|Microsoft.Hosting.Lifetime|Hosting environment: Development
2022-01-30 02:04:12.5956|INFO|Microsoft.Hosting.Lifetime|Content root path: E:\Proyectos\0-NetCore\eRestaurant\eWebApi
2022-01-30 02:04:46.0146|INFO|Microsoft.Hosting.Lifetime|Application started. Press Ctrl+C to shut down.
2022-01-30 02:04:46.0284|INFO|Microsoft.Hosting.Lifetime|Hosting environment: Development
2022-01-30 02:04:46.0284|INFO|Microsoft.Hosting.Lifetime|Content root path: E:\Proyectos\0-NetCore\eRestaurant\eWebApi
2022-01-30 02:05:29.8537|INFO|Microsoft.Hosting.Lifetime|Application started. Press Ctrl+C to shut down.
2022-01-30 02:05:29.8684|INFO|Microsoft.Hosting.Lifetime|Hosting environment: Development
2022-01-30 02:05:29.8684|INFO|Microsoft.Hosting.Lifetime|Content root path: E:\Proyectos\0-NetCore\eRestaurant\eWebApi
2022-01-30 02:05:48.7738|INFO|Microsoft.Hosting.Lifetime|Application started. Press Ctrl+C to shut down.
2022-01-30 02:05:48.7900|INFO|Microsoft.Hosting.Lifetime|Hosting environment: Development
2022-01-30 02:05:48.7900|INFO|Microsoft.Hosting.Lifetime|Content root path: E:\Proyectos\0-NetCore\eRestaurant\eWebApi
2022-01-30 02:06:36.0380|INFO|Microsoft.Hosting.Lifetime|Application started. Press Ctrl+C to shut down.
2022-01-30 02:06:36.0520|INFO|Microsoft.Hosting.Lifetime|Hosting environment: Development
2022-01-30 02:06:36.0520|INFO|Microsoft.Hosting.Lifetime|Content root path: E:\Proyectos\0-NetCore\eRestaurant\eWebApi
2022-01-30 10:29:13.4795|INFO|Microsoft.Hosting.Lifetime|Application started. Press Ctrl+C to shut down.
2022-01-30 10:29:13.4948|INFO|Microsoft.Hosting.Lifetime|Hosting environment: Development
2022-01-30 10:29:13.4948|INFO|Microsoft.Hosting.Lifetime|Content root path: E:\Proyectos\0-NetCore\eRestaurant\eWebApi
2022-01-30 10:30:47.0496|INFO|Microsoft.Hosting.Lifetime|Application started. Press Ctrl+C to shut down.
2022-01-30 10:30:47.0633|INFO|Microsoft.Hosting.Lifetime|Hosting environment: Development
2022-01-30 10:30:47.0633|INFO|Microsoft.Hosting.Lifetime|Content root path: E:\Proyectos\0-NetCore\eRestaurant\eWebApi
2022-01-30 10:30:54.5600|INFO|Microsoft.Hosting.Lifetime|Application started. Press Ctrl+C to shut down.
2022-01-30 10:30:54.5736|INFO|Microsoft.Hosting.Lifetime|Hosting environment: Development
2022-01-30 10:30:54.5736|INFO|Microsoft.Hosting.Lifetime|Content root path: E:\Proyectos\0-NetCore\eRestaurant\eWebApi
2022-01-30 10:32:40.8396|INFO|Microsoft.Hosting.Lifetime|Application started. Press Ctrl+C to shut down.
2022-01-30 10:32:40.8532|INFO|Microsoft.Hosting.Lifetime|Hosting environment: Development
2022-01-30 10:32:40.8532|INFO|Microsoft.Hosting.Lifetime|Content root path: E:\Proyectos\0-NetCore\eRestaurant\eWebApi
2022-01-30 10:39:48.1757|INFO|Microsoft.Hosting.Lifetime|Application started. Press Ctrl+C to shut down.
2022-01-30 10:39:48.1909|INFO|Microsoft.Hosting.Lifetime|Hosting environment: Development
2022-01-30 10:39:48.1926|INFO|Microsoft.Hosting.Lifetime|Content root path: E:\Proyectos\0-NetCore\eRestaurant\eWebApi
2022-01-30 10:41:19.8317|INFO|Microsoft.Hosting.Lifetime|Application started. Press Ctrl+C to shut down.
2022-01-30 10:41:19.8454|INFO|Microsoft.Hosting.Lifetime|Hosting environment: Development
2022-01-30 10:41:19.8454|INFO|Microsoft.Hosting.Lifetime|Content root path: E:\Proyectos\0-NetCore\eRestaurant\eWebApi
2022-01-30 10:42:12.5509|INFO|Microsoft.Hosting.Lifetime|Application started. Press Ctrl+C to shut down.
2022-01-30 10:42:12.5646|INFO|Microsoft.Hosting.Lifetime|Hosting environment: Development
2022-01-30 10:42:12.5646|INFO|Microsoft.Hosting.Lifetime|Content root path: E:\Proyectos\0-NetCore\eRestaurant\eWebApi
2022-01-30 10:42:27.5292|INFO|Microsoft.Hosting.Lifetime|Application started. Press Ctrl+C to shut down.
2022-01-30 10:42:27.5430|INFO|Microsoft.Hosting.Lifetime|Hosting environment: Development
2022-01-30 10:42:27.5430|INFO|Microsoft.Hosting.Lifetime|Content root path: E:\Proyectos\0-NetCore\eRestaurant\eWebApi
2022-01-30 10:43:06.5515|INFO|Microsoft.Hosting.Lifetime|Application started. Press Ctrl+C to shut down.
2022-01-30 10:43:06.5515|INFO|Microsoft.Hosting.Lifetime|Hosting environment: Development
2022-01-30 10:43:06.5515|INFO|Microsoft.Hosting.Lifetime|Content root path: E:\Proyectos\0-NetCore\eRestaurant\eWebApi
2022-01-30 10:43:09.9690|INFO|Microsoft.Hosting.Lifetime|Application started. Press Ctrl+C to shut down.
2022-01-30 10:43:09.9830|INFO|Microsoft.Hosting.Lifetime|Hosting environment: Development
2022-01-30 10:43:09.9830|INFO|Microsoft.Hosting.Lifetime|Content root path: E:\Proyectos\0-NetCore\eRestaurant\eWebApi
2022-01-30 12:26:43.5526|INFO|Microsoft.Hosting.Lifetime|Application started. Press Ctrl+C to shut down.
2022-01-30 12:26:43.5526|INFO|Microsoft.Hosting.Lifetime|Hosting environment: Development
2022-01-30 12:26:43.5681|INFO|Microsoft.Hosting.Lifetime|Content root path: E:\Proyectos\0-NetCore\eRestaurant\eWebApi
2022-01-30 12:26:55.0232|ERROR|Microsoft.AspNetCore.Diagnostics.DeveloperExceptionPageMiddleware|An unhandled exception has occurred while executing the request.
2022-01-30 12:27:20.0472|INFO|Microsoft.Hosting.Lifetime|Application started. Press Ctrl+C to shut down.
2022-01-30 12:27:20.0610|INFO|Microsoft.Hosting.Lifetime|Hosting environment: Development
2022-01-30 12:27:20.0610|INFO|Microsoft.Hosting.Lifetime|Content root path: E:\Proyectos\0-NetCore\eRestaurant\eWebApi
2022-01-30 12:28:17.9607|INFO|Microsoft.Hosting.Lifetime|Application started. Press Ctrl+C to shut down.
2022-01-30 12:28:17.9744|INFO|Microsoft.Hosting.Lifetime|Hosting environment: Development
2022-01-30 12:28:17.9744|INFO|Microsoft.Hosting.Lifetime|Content root path: E:\Proyectos\0-NetCore\eRestaurant\eWebApi
2022-01-30 12:28:23.0068|INFO|Microsoft.Hosting.Lifetime|Application started. Press Ctrl+C to shut down.
2022-01-30 12:28:23.0068|INFO|Microsoft.Hosting.Lifetime|Hosting environment: Development
2022-01-30 12:28:23.0221|INFO|Microsoft.Hosting.Lifetime|Content root path: E:\Proyectos\0-NetCore\eRestaurant\eWebApi
2022-01-30 12:28:48.6729|INFO|Microsoft.Hosting.Lifetime|Application started. Press Ctrl+C to shut down.
2022-01-30 12:28:48.6868|INFO|Microsoft.Hosting.Lifetime|Hosting environment: Development
2022-01-30 12:28:48.6868|INFO|Microsoft.Hosting.Lifetime|Content root path: E:\Proyectos\0-NetCore\eRestaurant\eWebApi
2022-01-30 12:28:53.8224|INFO|Microsoft.Hosting.Lifetime|Application started. Press Ctrl+C to shut down.
2022-01-30 12:28:53.8363|INFO|Microsoft.Hosting.Lifetime|Hosting environment: Development
2022-01-30 12:28:53.8363|INFO|Microsoft.Hosting.Lifetime|Content root path: E:\Proyectos\0-NetCore\eRestaurant\eWebApi
2022-01-30 12:29:02.1505|INFO|Microsoft.Hosting.Lifetime|Application started. Press Ctrl+C to shut down.
2022-01-30 12:29:02.1643|INFO|Microsoft.Hosting.Lifetime|Hosting environment: Development
2022-01-30 12:29:02.1643|INFO|Microsoft.Hosting.Lifetime|Content root path: E:\Proyectos\0-NetCore\eRestaurant\eWebApi
2022-01-30 12:29:28.9288|INFO|Microsoft.Hosting.Lifetime|Application started. Press Ctrl+C to shut down.
2022-01-30 12:29:28.9436|INFO|Microsoft.Hosting.Lifetime|Hosting environment: Development
2022-01-30 12:29:28.9436|INFO|Microsoft.Hosting.Lifetime|Content root path: E:\Proyectos\0-NetCore\eRestaurant\eWebApi
2022-01-30 12:30:06.7701|INFO|Microsoft.Hosting.Lifetime|Application started. Press Ctrl+C to shut down.
2022-01-30 12:30:06.7850|INFO|Microsoft.Hosting.Lifetime|Hosting environment: Development
2022-01-30 12:30:06.7870|INFO|Microsoft.Hosting.Lifetime|Content root path: E:\Proyectos\0-NetCore\eRestaurant\eWebApi
2022-01-30 12:30:28.8806|INFO|Microsoft.Hosting.Lifetime|Application started. Press Ctrl+C to shut down.
2022-01-30 12:30:28.8944|INFO|Microsoft.Hosting.Lifetime|Hosting environment: Development
2022-01-30 12:30:28.8960|INFO|Microsoft.Hosting.Lifetime|Content root path: E:\Proyectos\0-NetCore\eRestaurant\eWebApi
2022-01-30 12:30:37.9125|INFO|Microsoft.Hosting.Lifetime|Application started. Press Ctrl+C to shut down.
2022-01-30 12:30:37.9125|INFO|Microsoft.Hosting.Lifetime|Hosting environment: Development
2022-01-30 12:30:37.9282|INFO|Microsoft.Hosting.Lifetime|Content root path: E:\Proyectos\0-NetCore\eRestaurant\eWebApi
2022-01-30 12:30:50.9604|INFO|Microsoft.Hosting.Lifetime|Application started. Press Ctrl+C to shut down.
2022-01-30 12:30:50.9604|INFO|Microsoft.Hosting.Lifetime|Hosting environment: Development
2022-01-30 12:30:50.9759|INFO|Microsoft.Hosting.Lifetime|Content root path: E:\Proyectos\0-NetCore\eRestaurant\eWebApi
2022-01-30 12:35:19.9362|INFO|Microsoft.Hosting.Lifetime|Application started. Press Ctrl+C to shut down.
2022-01-30 12:35:19.9498|INFO|Microsoft.Hosting.Lifetime|Hosting environment: Development
2022-01-30 12:35:19.9498|INFO|Microsoft.Hosting.Lifetime|Content root path: E:\Proyectos\0-NetCore\eRestaurant\eWebApi
2022-01-30 12:35:33.2408|INFO|Microsoft.Hosting.Lifetime|Application started. Press Ctrl+C to shut down.
2022-01-30 12:35:33.2554|INFO|Microsoft.Hosting.Lifetime|Hosting environment: Development
2022-01-30 12:35:33.2554|INFO|Microsoft.Hosting.Lifetime|Content root path: E:\Proyectos\0-NetCore\eRestaurant\eWebApi
2022-01-30 12:38:12.5439|INFO|Microsoft.Hosting.Lifetime|Application started. Press Ctrl+C to shut down.
2022-01-30 12:38:12.5577|INFO|Microsoft.Hosting.Lifetime|Hosting environment: Development
2022-01-30 12:38:12.5577|INFO|Microsoft.Hosting.Lifetime|Content root path: E:\Proyectos\0-NetCore\eRestaurant\eWebApi
2022-01-30 12:40:48.5780|INFO|Microsoft.Hosting.Lifetime|Application started. Press Ctrl+C to shut down.
2022-01-30 12:40:48.5922|INFO|Microsoft.Hosting.Lifetime|Hosting environment: Development
2022-01-30 12:40:48.5922|INFO|Microsoft.Hosting.Lifetime|Content root path: E:\Proyectos\0-NetCore\eRestaurant\eWebApi
2022-01-30 12:43:04.6675|INFO|Microsoft.Hosting.Lifetime|Application started. Press Ctrl+C to shut down.
2022-01-30 12:43:04.6813|INFO|Microsoft.Hosting.Lifetime|Hosting environment: Development
2022-01-30 12:43:04.6813|INFO|Microsoft.Hosting.Lifetime|Content root path: E:\Proyectos\0-NetCore\eRestaurant\eWebApi
2022-01-30 12:44:02.0616|INFO|Microsoft.Hosting.Lifetime|Application started. Press Ctrl+C to shut down.
2022-01-30 12:44:02.0755|INFO|Microsoft.Hosting.Lifetime|Hosting environment: Development
2022-01-30 12:44:02.0755|INFO|Microsoft.Hosting.Lifetime|Content root path: E:\Proyectos\0-NetCore\eRestaurant\eWebApi
2022-01-30 12:44:43.6916|INFO|Microsoft.Hosting.Lifetime|Application started. Press Ctrl+C to shut down.
2022-01-30 12:44:43.7054|INFO|Microsoft.Hosting.Lifetime|Hosting environment: Development
2022-01-30 12:44:43.7054|INFO|Microsoft.Hosting.Lifetime|Content root path: E:\Proyectos\0-NetCore\eRestaurant\eWebApi
2022-01-30 12:46:20.1493|INFO|Microsoft.Hosting.Lifetime|Application started. Press Ctrl+C to shut down.
2022-01-30 12:46:20.1632|INFO|Microsoft.Hosting.Lifetime|Hosting environment: Development
2022-01-30 12:46:20.1632|INFO|Microsoft.Hosting.Lifetime|Content root path: E:\Proyectos\0-NetCore\eRestaurant\eWebApi
2022-01-30 12:49:03.2553|INFO|Microsoft.Hosting.Lifetime|Application started. Press Ctrl+C to shut down.
2022-01-30 12:49:03.2689|INFO|Microsoft.Hosting.Lifetime|Hosting environment: Development
2022-01-30 12:49:03.2689|INFO|Microsoft.Hosting.Lifetime|Content root path: E:\Proyectos\0-NetCore\eRestaurant\eWebApi
2022-01-30 12:50:01.1756|INFO|Microsoft.Hosting.Lifetime|Application started. Press Ctrl+C to shut down.
2022-01-30 12:50:01.1893|INFO|Microsoft.Hosting.Lifetime|Hosting environment: Development
2022-01-30 12:50:01.1893|INFO|Microsoft.Hosting.Lifetime|Content root path: E:\Proyectos\0-NetCore\eRestaurant\eWebApi
2022-01-30 12:50:43.3651|INFO|Microsoft.Hosting.Lifetime|Application started. Press Ctrl+C to shut down.
2022-01-30 12:50:43.3651|INFO|Microsoft.Hosting.Lifetime|Hosting environment: Development
2022-01-30 12:50:43.3807|INFO|Microsoft.Hosting.Lifetime|Content root path: E:\Proyectos\0-NetCore\eRestaurant\eWebApi
2022-01-30 12:52:32.9535|INFO|Microsoft.Hosting.Lifetime|Application started. Press Ctrl+C to shut down.
2022-01-30 12:52:32.9676|INFO|Microsoft.Hosting.Lifetime|Hosting environment: Development
2022-01-30 12:52:32.9676|INFO|Microsoft.Hosting.Lifetime|Content root path: E:\Proyectos\0-NetCore\eRestaurant\eWebApi
2022-01-30 12:53:25.6927|INFO|Microsoft.Hosting.Lifetime|Application started. Press Ctrl+C to shut down.
2022-01-30 12:53:25.7066|INFO|Microsoft.Hosting.Lifetime|Hosting environment: Development
2022-01-30 12:53:25.7066|INFO|Microsoft.Hosting.Lifetime|Content root path: E:\Proyectos\0-NetCore\eRestaurant\eWebApi
2022-01-30 12:53:43.0320|INFO|Microsoft.Hosting.Lifetime|Application started. Press Ctrl+C to shut down.
2022-01-30 12:53:43.0458|INFO|Microsoft.Hosting.Lifetime|Hosting environment: Development
2022-01-30 12:53:43.0458|INFO|Microsoft.Hosting.Lifetime|Content root path: E:\Proyectos\0-NetCore\eRestaurant\eWebApi
2022-01-30 12:54:26.3278|INFO|Microsoft.Hosting.Lifetime|Application started. Press Ctrl+C to shut down.
2022-01-30 12:54:26.3416|INFO|Microsoft.Hosting.Lifetime|Hosting environment: Development
2022-01-30 12:54:26.3416|INFO|Microsoft.Hosting.Lifetime|Content root path: E:\Proyectos\0-NetCore\eRestaurant\eWebApi
2022-01-30 12:55:23.7975|INFO|Microsoft.Hosting.Lifetime|Application started. Press Ctrl+C to shut down.
2022-01-30 12:55:23.8115|INFO|Microsoft.Hosting.Lifetime|Hosting environment: Development
2022-01-30 12:55:23.8115|INFO|Microsoft.Hosting.Lifetime|Content root path: E:\Proyectos\0-NetCore\eRestaurant\eWebApi
2022-01-30 12:55:49.6969|INFO|Microsoft.Hosting.Lifetime|Application started. Press Ctrl+C to shut down.
2022-01-30 12:55:49.7107|INFO|Microsoft.Hosting.Lifetime|Hosting environment: Development
2022-01-30 12:55:49.7107|INFO|Microsoft.Hosting.Lifetime|Content root path: E:\Proyectos\0-NetCore\eRestaurant\eWebApi
2022-01-30 12:56:05.6706|INFO|Microsoft.Hosting.Lifetime|Application started. Press Ctrl+C to shut down.
2022-01-30 12:56:05.6846|INFO|Microsoft.Hosting.Lifetime|Hosting environment: Development
2022-01-30 12:56:05.6846|INFO|Microsoft.Hosting.Lifetime|Content root path: E:\Proyectos\0-NetCore\eRestaurant\eWebApi
2022-01-30 12:56:31.8781|INFO|Microsoft.Hosting.Lifetime|Application started. Press Ctrl+C to shut down.
2022-01-30 12:56:31.8963|INFO|Microsoft.Hosting.Lifetime|Hosting environment: Development
2022-01-30 12:56:31.8963|INFO|Microsoft.Hosting.Lifetime|Content root path: E:\Proyectos\0-NetCore\eRestaurant\eWebApi
2022-01-30 12:56:34.6655|INFO|Microsoft.Hosting.Lifetime|Application started. Press Ctrl+C to shut down.
2022-01-30 12:56:34.6796|INFO|Microsoft.Hosting.Lifetime|Hosting environment: Development
2022-01-30 12:56:34.6796|INFO|Microsoft.Hosting.Lifetime|Content root path: E:\Proyectos\0-NetCore\eRestaurant\eWebApi
2022-01-30 13:05:06.8998|INFO|Microsoft.Hosting.Lifetime|Application started. Press Ctrl+C to shut down.
2022-01-30 13:05:06.9139|INFO|Microsoft.Hosting.Lifetime|Hosting environment: Development
2022-01-30 13:05:06.9139|INFO|Microsoft.Hosting.Lifetime|Content root path: E:\Proyectos\0-NetCore\eRestaurant\eWebApi
2022-01-30 13:05:54.8302|INFO|Microsoft.Hosting.Lifetime|Application started. Press Ctrl+C to shut down.
2022-01-30 13:05:54.8440|INFO|Microsoft.Hosting.Lifetime|Hosting environment: Development
2022-01-30 13:05:54.8440|INFO|Microsoft.Hosting.Lifetime|Content root path: E:\Proyectos\0-NetCore\eRestaurant\eWebApi
2022-01-30 13:06:03.8523|INFO|Microsoft.Hosting.Lifetime|Application started. Press Ctrl+C to shut down.
2022-01-30 13:06:03.8663|INFO|Microsoft.Hosting.Lifetime|Hosting environment: Development
2022-01-30 13:06:03.8663|INFO|Microsoft.Hosting.Lifetime|Content root path: E:\Proyectos\0-NetCore\eRestaurant\eWebApi
2022-01-30 13:08:29.3417|INFO|Microsoft.Hosting.Lifetime|Application started. Press Ctrl+C to shut down.
2022-01-30 13:08:29.3562|INFO|Microsoft.Hosting.Lifetime|Hosting environment: Development
2022-01-30 13:08:29.3562|INFO|Microsoft.Hosting.Lifetime|Content root path: E:\Proyectos\0-NetCore\eRestaurant\eWebApi
2022-01-30 13:09:16.6846|INFO|Microsoft.Hosting.Lifetime|Application started. Press Ctrl+C to shut down.
2022-01-30 13:09:16.6986|INFO|Microsoft.Hosting.Lifetime|Hosting environment: Development
2022-01-30 13:09:16.6986|INFO|Microsoft.Hosting.Lifetime|Content root path: E:\Proyectos\0-NetCore\eRestaurant\eWebApi
2022-01-30 13:09:29.0018|INFO|Microsoft.Hosting.Lifetime|Application started. Press Ctrl+C to shut down.
2022-01-30 13:09:29.0158|INFO|Microsoft.Hosting.Lifetime|Hosting environment: Development
2022-01-30 13:09:29.0158|INFO|Microsoft.Hosting.Lifetime|Content root path: E:\Proyectos\0-NetCore\eRestaurant\eWebApi
2022-01-30 13:10:15.6211|INFO|Microsoft.Hosting.Lifetime|Application started. Press Ctrl+C to shut down.
2022-01-30 13:10:15.6359|INFO|Microsoft.Hosting.Lifetime|Hosting environment: Development
2022-01-30 13:10:15.6359|INFO|Microsoft.Hosting.Lifetime|Content root path: E:\Proyectos\0-NetCore\eRestaurant\eWebApi
2022-01-30 13:10:46.1443|INFO|Microsoft.Hosting.Lifetime|Application started. Press Ctrl+C to shut down.
2022-01-30 13:10:46.1589|INFO|Microsoft.Hosting.Lifetime|Hosting environment: Development
2022-01-30 13:10:46.1589|INFO|Microsoft.Hosting.Lifetime|Content root path: E:\Proyectos\0-NetCore\eRestaurant\eWebApi
2022-01-30 13:11:59.3652|INFO|Microsoft.Hosting.Lifetime|Application started. Press Ctrl+C to shut down.
2022-01-30 13:11:59.3652|INFO|Microsoft.Hosting.Lifetime|Hosting environment: Development
2022-01-30 13:11:59.3810|INFO|Microsoft.Hosting.Lifetime|Content root path: E:\Proyectos\0-NetCore\eRestaurant\eWebApi
2022-01-30 13:12:17.3735|INFO|Microsoft.Hosting.Lifetime|Application started. Press Ctrl+C to shut down.
2022-01-30 13:12:17.3872|INFO|Microsoft.Hosting.Lifetime|Hosting environment: Development
2022-01-30 13:12:17.3872|INFO|Microsoft.Hosting.Lifetime|Content root path: E:\Proyectos\0-NetCore\eRestaurant\eWebApi
2022-01-30 13:12:22.7737|INFO|Microsoft.Hosting.Lifetime|Application started. Press Ctrl+C to shut down.
2022-01-30 13:12:22.7875|INFO|Microsoft.Hosting.Lifetime|Hosting environment: Development
2022-01-30 13:12:22.7875|INFO|Microsoft.Hosting.Lifetime|Content root path: E:\Proyectos\0-NetCore\eRestaurant\eWebApi
2022-01-30 13:12:56.6728|INFO|Microsoft.Hosting.Lifetime|Application started. Press Ctrl+C to shut down.
2022-01-30 13:12:56.6866|INFO|Microsoft.Hosting.Lifetime|Hosting environment: Development
2022-01-30 13:12:56.6866|INFO|Microsoft.Hosting.Lifetime|Content root path: E:\Proyectos\0-NetCore\eRestaurant\eWebApi
2022-01-30 13:13:12.3381|INFO|Microsoft.Hosting.Lifetime|Application started. Press Ctrl+C to shut down.
2022-01-30 13:13:12.3519|INFO|Microsoft.Hosting.Lifetime|Hosting environment: Development
2022-01-30 13:13:12.3519|INFO|Microsoft.Hosting.Lifetime|Content root path: E:\Proyectos\0-NetCore\eRestaurant\eWebApi
2022-01-30 13:13:20.8875|INFO|Microsoft.Hosting.Lifetime|Application started. Press Ctrl+C to shut down.
2022-01-30 13:13:20.9015|INFO|Microsoft.Hosting.Lifetime|Hosting environment: Development
2022-01-30 13:13:20.9015|INFO|Microsoft.Hosting.Lifetime|Content root path: E:\Proyectos\0-NetCore\eRestaurant\eWebApi
2022-01-30 13:14:50.0148|INFO|Microsoft.Hosting.Lifetime|Application started. Press Ctrl+C to shut down.
2022-01-30 13:14:50.0286|INFO|Microsoft.Hosting.Lifetime|Hosting environment: Development
2022-01-30 13:14:50.0286|INFO|Microsoft.Hosting.Lifetime|Content root path: E:\Proyectos\0-NetCore\eRestaurant\eWebApi
2022-01-30 13:15:03.2031|INFO|Microsoft.Hosting.Lifetime|Application started. Press Ctrl+C to shut down.
2022-01-30 13:15:03.2172|INFO|Microsoft.Hosting.Lifetime|Hosting environment: Development
2022-01-30 13:15:03.2172|INFO|Microsoft.Hosting.Lifetime|Content root path: E:\Proyectos\0-NetCore\eRestaurant\eWebApi
2022-01-30 13:15:22.5992|INFO|Microsoft.Hosting.Lifetime|Application started. Press Ctrl+C to shut down.
2022-01-30 13:15:22.5992|INFO|Microsoft.Hosting.Lifetime|Hosting environment: Development
2022-01-30 13:15:22.6151|INFO|Microsoft.Hosting.Lifetime|Content root path: E:\Proyectos\0-NetCore\eRestaurant\eWebApi
2022-01-30 13:15:46.6041|INFO|Microsoft.Hosting.Lifetime|Application started. Press Ctrl+C to shut down.
2022-01-30 13:15:46.6185|INFO|Microsoft.Hosting.Lifetime|Hosting environment: Development
2022-01-30 13:15:46.6185|INFO|Microsoft.Hosting.Lifetime|Content root path: E:\Proyectos\0-NetCore\eRestaurant\eWebApi
2022-01-30 13:16:07.5430|INFO|Microsoft.Hosting.Lifetime|Application started. Press Ctrl+C to shut down.
2022-01-30 13:16:07.5568|INFO|Microsoft.Hosting.Lifetime|Hosting environment: Development
2022-01-30 13:16:07.5568|INFO|Microsoft.Hosting.Lifetime|Content root path: E:\Proyectos\0-NetCore\eRestaurant\eWebApi
2022-01-30 13:16:30.1336|INFO|Microsoft.Hosting.Lifetime|Application started. Press Ctrl+C to shut down.
2022-01-30 13:16:30.1476|INFO|Microsoft.Hosting.Lifetime|Hosting environment: Development
2022-01-30 13:16:30.1476|INFO|Microsoft.Hosting.Lifetime|Content root path: E:\Proyectos\0-NetCore\eRestaurant\eWebApi
2022-01-30 13:16:49.4329|INFO|Microsoft.Hosting.Lifetime|Application started. Press Ctrl+C to shut down.
2022-01-30 13:16:49.4470|INFO|Microsoft.Hosting.Lifetime|Hosting environment: Development
2022-01-30 13:16:49.4470|INFO|Microsoft.Hosting.Lifetime|Content root path: E:\Proyectos\0-NetCore\eRestaurant\eWebApi
2022-01-30 13:16:52.9467|INFO|Microsoft.Hosting.Lifetime|Application started. Press Ctrl+C to shut down.
2022-01-30 13:16:52.9607|INFO|Microsoft.Hosting.Lifetime|Hosting environment: Development
2022-01-30 13:16:52.9607|INFO|Microsoft.Hosting.Lifetime|Content root path: E:\Proyectos\0-NetCore\eRestaurant\eWebApi
2022-01-30 13:17:58.6948|INFO|Microsoft.Hosting.Lifetime|Application started. Press Ctrl+C to shut down.
2022-01-30 13:17:58.6948|INFO|Microsoft.Hosting.Lifetime|Hosting environment: Development
2022-01-30 13:17:58.7102|INFO|Microsoft.Hosting.Lifetime|Content root path: E:\Proyectos\0-NetCore\eRestaurant\eWebApi
2022-01-30 13:18:17.2929|INFO|Microsoft.Hosting.Lifetime|Application started. Press Ctrl+C to shut down.
2022-01-30 13:18:17.3067|INFO|Microsoft.Hosting.Lifetime|Hosting environment: Development
2022-01-30 13:18:17.3067|INFO|Microsoft.Hosting.Lifetime|Content root path: E:\Proyectos\0-NetCore\eRestaurant\eWebApi
2022-01-30 13:19:03.1558|INFO|Microsoft.Hosting.Lifetime|Application started. Press Ctrl+C to shut down.
2022-01-30 13:19:03.1698|INFO|Microsoft.Hosting.Lifetime|Hosting environment: Development
2022-01-30 13:19:03.1698|INFO|Microsoft.Hosting.Lifetime|Content root path: E:\Proyectos\0-NetCore\eRestaurant\eWebApi
2022-01-30 13:19:21.8686|INFO|Microsoft.Hosting.Lifetime|Application started. Press Ctrl+C to shut down.
2022-01-30 13:19:21.8823|INFO|Microsoft.Hosting.Lifetime|Hosting environment: Development
2022-01-30 13:19:21.8823|INFO|Microsoft.Hosting.Lifetime|Content root path: E:\Proyectos\0-NetCore\eRestaurant\eWebApi
2022-01-30 13:19:45.9087|INFO|Microsoft.Hosting.Lifetime|Application started. Press Ctrl+C to shut down.
2022-01-30 13:19:45.9226|INFO|Microsoft.Hosting.Lifetime|Hosting environment: Development
2022-01-30 13:19:45.9226|INFO|Microsoft.Hosting.Lifetime|Content root path: E:\Proyectos\0-NetCore\eRestaurant\eWebApi
2022-01-30 13:19:55.9259|INFO|Microsoft.Hosting.Lifetime|Application started. Press Ctrl+C to shut down.
2022-01-30 13:19:55.9427|INFO|Microsoft.Hosting.Lifetime|Hosting environment: Development
2022-01-30 13:19:55.9447|INFO|Microsoft.Hosting.Lifetime|Content root path: E:\Proyectos\0-NetCore\eRestaurant\eWebApi
2022-01-30 13:21:20.6198|INFO|Microsoft.Hosting.Lifetime|Application started. Press Ctrl+C to shut down.
2022-01-30 13:21:20.6336|INFO|Microsoft.Hosting.Lifetime|Hosting environment: Development
2022-01-30 13:21:20.6336|INFO|Microsoft.Hosting.Lifetime|Content root path: E:\Proyectos\0-NetCore\eRestaurant\eWebApi
2022-01-30 13:21:26.5893|INFO|Microsoft.Hosting.Lifetime|Application started. Press Ctrl+C to shut down.
2022-01-30 13:21:26.6033|INFO|Microsoft.Hosting.Lifetime|Hosting environment: Development
2022-01-30 13:21:26.6033|INFO|Microsoft.Hosting.Lifetime|Content root path: E:\Proyectos\0-NetCore\eRestaurant\eWebApi
2022-01-30 13:32:08.1125|INFO|Microsoft.Hosting.Lifetime|Application started. Press Ctrl+C to shut down.
2022-01-30 13:32:08.1266|INFO|Microsoft.Hosting.Lifetime|Hosting environment: Development
2022-01-30 13:32:08.1266|INFO|Microsoft.Hosting.Lifetime|Content root path: E:\Proyectos\0-NetCore\eRestaurant\eWebApi
2022-01-30 13:32:45.5098|INFO|Microsoft.Hosting.Lifetime|Application started. Press Ctrl+C to shut down.
2022-01-30 13:32:45.5235|INFO|Microsoft.Hosting.Lifetime|Hosting environment: Development
2022-01-30 13:32:45.5235|INFO|Microsoft.Hosting.Lifetime|Content root path: E:\Proyectos\0-NetCore\eRestaurant\eWebApi
2022-01-30 13:33:00.2403|ERROR|Microsoft.AspNetCore.Diagnostics.DeveloperExceptionPageMiddleware|An unhandled exception has occurred while executing the request.
2022-01-30 13:33:20.2816|INFO|Microsoft.Hosting.Lifetime|Application started. Press Ctrl+C to shut down.
2022-01-30 13:33:20.2956|INFO|Microsoft.Hosting.Lifetime|Hosting environment: Development
2022-01-30 13:33:20.2956|INFO|Microsoft.Hosting.Lifetime|Content root path: E:\Proyectos\0-NetCore\eRestaurant\eWebApi
2022-01-30 13:34:07.3040|INFO|Microsoft.Hosting.Lifetime|Application started. Press Ctrl+C to shut down.
2022-01-30 13:34:07.3040|INFO|Microsoft.Hosting.Lifetime|Hosting environment: Development
2022-01-30 13:34:07.3194|INFO|Microsoft.Hosting.Lifetime|Content root path: E:\Proyectos\0-NetCore\eRestaurant\eWebApi
2022-01-30 13:34:43.4422|INFO|Microsoft.Hosting.Lifetime|Application started. Press Ctrl+C to shut down.
2022-01-30 13:34:43.4559|INFO|Microsoft.Hosting.Lifetime|Hosting environment: Development
2022-01-30 13:34:43.4559|INFO|Microsoft.Hosting.Lifetime|Content root path: E:\Proyectos\0-NetCore\eRestaurant\eWebApi
2022-01-30 13:34:50.8005|INFO|Microsoft.Hosting.Lifetime|Application started. Press Ctrl+C to shut down.
2022-01-30 13:34:50.8144|INFO|Microsoft.Hosting.Lifetime|Hosting environment: Development
2022-01-30 13:34:50.8144|INFO|Microsoft.Hosting.Lifetime|Content root path: E:\Proyectos\0-NetCore\eRestaurant\eWebApi
2022-01-30 13:35:48.3904|INFO|Microsoft.Hosting.Lifetime|Application started. Press Ctrl+C to shut down.
2022-01-30 13:35:48.4042|INFO|Microsoft.Hosting.Lifetime|Hosting environment: Development
2022-01-30 13:35:48.4042|INFO|Microsoft.Hosting.Lifetime|Content root path: E:\Proyectos\0-NetCore\eRestaurant\eWebApi
2022-01-30 13:36:10.5885|INFO|Microsoft.Hosting.Lifetime|Application started. Press Ctrl+C to shut down.
2022-01-30 13:36:10.6026|INFO|Microsoft.Hosting.Lifetime|Hosting environment: Development
2022-01-30 13:36:10.6026|INFO|Microsoft.Hosting.Lifetime|Content root path: E:\Proyectos\0-NetCore\eRestaurant\eWebApi
2022-01-30 13:36:53.0567|INFO|Microsoft.Hosting.Lifetime|Application started. Press Ctrl+C to shut down.
2022-01-30 13:36:53.0715|INFO|Microsoft.Hosting.Lifetime|Hosting environment: Development
2022-01-30 13:36:53.0715|INFO|Microsoft.Hosting.Lifetime|Content root path: E:\Proyectos\0-NetCore\eRestaurant\eWebApi
2022-01-30 13:37:15.5131|INFO|Microsoft.Hosting.Lifetime|Application started. Press Ctrl+C to shut down.
2022-01-30 13:37:15.5274|INFO|Microsoft.Hosting.Lifetime|Hosting environment: Development
2022-01-30 13:37:15.5274|INFO|Microsoft.Hosting.Lifetime|Content root path: E:\Proyectos\0-NetCore\eRestaurant\eWebApi
2022-01-30 13:37:28.1720|INFO|Microsoft.Hosting.Lifetime|Application started. Press Ctrl+C to shut down.
2022-01-30 13:37:28.1863|INFO|Microsoft.Hosting.Lifetime|Hosting environment: Development
2022-01-30 13:37:28.1863|INFO|Microsoft.Hosting.Lifetime|Content root path: E:\Proyectos\0-NetCore\eRestaurant\eWebApi
2022-01-30 13:38:57.7776|INFO|Microsoft.Hosting.Lifetime|Application started. Press Ctrl+C to shut down.
2022-01-30 13:38:57.7916|INFO|Microsoft.Hosting.Lifetime|Hosting environment: Development
2022-01-30 13:38:57.7916|INFO|Microsoft.Hosting.Lifetime|Content root path: E:\Proyectos\0-NetCore\eRestaurant\eWebApi
2022-01-30 13:39:23.7088|INFO|Microsoft.Hosting.Lifetime|Application started. Press Ctrl+C to shut down.
2022-01-30 13:39:23.7225|INFO|Microsoft.Hosting.Lifetime|Hosting environment: Development
2022-01-30 13:39:23.7248|INFO|Microsoft.Hosting.Lifetime|Content root path: E:\Proyectos\0-NetCore\eRestaurant\eWebApi
2022-01-30 13:39:38.7105|INFO|Microsoft.Hosting.Lifetime|Application started. Press Ctrl+C to shut down.
2022-01-30 13:39:38.7105|INFO|Microsoft.Hosting.Lifetime|Hosting environment: Development
2022-01-30 13:39:38.7261|INFO|Microsoft.Hosting.Lifetime|Content root path: E:\Proyectos\0-NetCore\eRestaurant\eWebApi
2022-01-30 13:39:47.1338|INFO|Microsoft.Hosting.Lifetime|Application started. Press Ctrl+C to shut down.
2022-01-30 13:39:47.1476|INFO|Microsoft.Hosting.Lifetime|Hosting environment: Development
2022-01-30 13:39:47.1476|INFO|Microsoft.Hosting.Lifetime|Content root path: E:\Proyectos\0-NetCore\eRestaurant\eWebApi
2022-01-30 13:41:14.2366|INFO|Microsoft.Hosting.Lifetime|Application started. Press Ctrl+C to shut down.
2022-01-30 13:41:14.2503|INFO|Microsoft.Hosting.Lifetime|Hosting environment: Development
2022-01-30 13:41:14.2503|INFO|Microsoft.Hosting.Lifetime|Content root path: E:\Proyectos\0-NetCore\eRestaurant\eWebApi
2022-01-30 13:41:47.9631|INFO|Microsoft.Hosting.Lifetime|Application started. Press Ctrl+C to shut down.
2022-01-30 13:41:47.9767|INFO|Microsoft.Hosting.Lifetime|Hosting environment: Development
2022-01-30 13:41:47.9767|INFO|Microsoft.Hosting.Lifetime|Content root path: E:\Proyectos\0-NetCore\eRestaurant\eWebApi
2022-01-30 13:42:22.5754|INFO|Microsoft.Hosting.Lifetime|Application started. Press Ctrl+C to shut down.
2022-01-30 13:42:22.5896|INFO|Microsoft.Hosting.Lifetime|Hosting environment: Development
2022-01-30 13:42:22.5896|INFO|Microsoft.Hosting.Lifetime|Content root path: E:\Proyectos\0-NetCore\eRestaurant\eWebApi
2022-01-30 13:42:35.3708|INFO|Microsoft.Hosting.Lifetime|Application started. Press Ctrl+C to shut down.
2022-01-30 13:42:35.3847|INFO|Microsoft.Hosting.Lifetime|Hosting environment: Development
2022-01-30 13:42:35.3847|INFO|Microsoft.Hosting.Lifetime|Content root path: E:\Proyectos\0-NetCore\eRestaurant\eWebApi
2022-01-30 13:44:01.9038|INFO|Microsoft.Hosting.Lifetime|Application started. Press Ctrl+C to shut down.
2022-01-30 13:44:01.9176|INFO|Microsoft.Hosting.Lifetime|Hosting environment: Development
2022-01-30 13:44:01.9176|INFO|Microsoft.Hosting.Lifetime|Content root path: E:\Proyectos\0-NetCore\eRestaurant\eWebApi
2022-01-30 13:44:11.9914|INFO|Microsoft.Hosting.Lifetime|Application started. Press Ctrl+C to shut down.
2022-01-30 13:44:12.0054|INFO|Microsoft.Hosting.Lifetime|Hosting environment: Development
2022-01-30 13:44:12.0054|INFO|Microsoft.Hosting.Lifetime|Content root path: E:\Proyectos\0-NetCore\eRestaurant\eWebApi
2022-01-30 13:44:30.0921|INFO|Microsoft.Hosting.Lifetime|Application started. Press Ctrl+C to shut down.
2022-01-30 13:44:30.1058|INFO|Microsoft.Hosting.Lifetime|Hosting environment: Development
2022-01-30 13:44:30.1058|INFO|Microsoft.Hosting.Lifetime|Content root path: E:\Proyectos\0-NetCore\eRestaurant\eWebApi
2022-01-30 13:44:38.5338|INFO|Microsoft.Hosting.Lifetime|Application started. Press Ctrl+C to shut down.
2022-01-30 13:44:38.5482|INFO|Microsoft.Hosting.Lifetime|Hosting environment: Development
2022-01-30 13:44:38.5482|INFO|Microsoft.Hosting.Lifetime|Content root path: E:\Proyectos\0-NetCore\eRestaurant\eWebApi
2022-01-30 14:25:01.8548|INFO|Microsoft.Hosting.Lifetime|Application started. Press Ctrl+C to shut down.
2022-01-30 14:25:01.8841|INFO|Microsoft.Hosting.Lifetime|Hosting environment: Development
2022-01-30 14:25:01.8841|INFO|Microsoft.Hosting.Lifetime|Content root path: E:\Proyectos\0-NetCore\eRestaurant\eWebApi
2022-01-30 14:25:49.0854|INFO|Microsoft.Hosting.Lifetime|Application started. Press Ctrl+C to shut down.
2022-01-30 14:25:49.1012|INFO|Microsoft.Hosting.Lifetime|Hosting environment: Development
2022-01-30 14:25:49.1012|INFO|Microsoft.Hosting.Lifetime|Content root path: E:\Proyectos\0-NetCore\eRestaurant\eWebApi
2022-01-30 14:29:40.6243|INFO|Microsoft.Hosting.Lifetime|Application started. Press Ctrl+C to shut down.
2022-01-30 14:29:40.6398|INFO|Microsoft.Hosting.Lifetime|Hosting environment: Development
2022-01-30 14:29:40.6398|INFO|Microsoft.Hosting.Lifetime|Content root path: E:\Proyectos\0-NetCore\eRestaurant\eWebApi
2022-01-30 14:32:02.1124|INFO|Microsoft.Hosting.Lifetime|Application started. Press Ctrl+C to shut down.
2022-01-30 14:32:02.1280|INFO|Microsoft.Hosting.Lifetime|Hosting environment: Development
2022-01-30 14:32:02.1280|INFO|Microsoft.Hosting.Lifetime|Content root path: E:\Proyectos\0-NetCore\eRestaurant\eWebApi
2022-01-30 14:36:05.2998|INFO|Microsoft.Hosting.Lifetime|Application started. Press Ctrl+C to shut down.
2022-01-30 14:36:05.3151|INFO|Microsoft.Hosting.Lifetime|Hosting environment: Development
2022-01-30 14:36:05.3151|INFO|Microsoft.Hosting.Lifetime|Content root path: E:\Proyectos\0-NetCore\eRestaurant\eWebApi
2022-01-30 14:43:07.3415|INFO|Microsoft.Hosting.Lifetime|Application started. Press Ctrl+C to shut down.
2022-01-30 14:43:07.3599|INFO|Microsoft.Hosting.Lifetime|Hosting environment: Development
2022-01-30 14:43:07.3599|INFO|Microsoft.Hosting.Lifetime|Content root path: E:\Proyectos\0-NetCore\eRestaurant\eWebApi
2022-01-30 14:53:19.3580|INFO|Microsoft.Hosting.Lifetime|Application started. Press Ctrl+C to shut down.
2022-01-30 14:53:19.3738|INFO|Microsoft.Hosting.Lifetime|Hosting environment: Development
2022-01-30 14:53:19.3738|INFO|Microsoft.Hosting.Lifetime|Content root path: E:\Proyectos\0-NetCore\eRestaurant\eWebApi
2022-01-30 15:02:09.7845|INFO|Microsoft.Hosting.Lifetime|Application started. Press Ctrl+C to shut down.
2022-01-30 15:02:09.8014|INFO|Microsoft.Hosting.Lifetime|Hosting environment: Development
2022-01-30 15:02:09.8032|INFO|Microsoft.Hosting.Lifetime|Content root path: E:\Proyectos\0-NetCore\eRestaurant\eWebApi
2022-01-30 15:09:45.7263|INFO|Microsoft.Hosting.Lifetime|Application started. Press Ctrl+C to shut down.
2022-01-30 15:09:45.7420|INFO|Microsoft.Hosting.Lifetime|Hosting environment: Development
2022-01-30 15:09:45.7420|INFO|Microsoft.Hosting.Lifetime|Content root path: E:\Proyectos\0-NetCore\eRestaurant\eWebApi
2022-01-30 15:21:05.7906|INFO|Microsoft.Hosting.Lifetime|Application started. Press Ctrl+C to shut down.
2022-01-30 15:21:05.8060|INFO|Microsoft.Hosting.Lifetime|Hosting environment: Development
2022-01-30 15:21:05.8060|INFO|Microsoft.Hosting.Lifetime|Content root path: E:\Proyectos\0-NetCore\eRestaurant\eWebApi
2022-01-30 15:29:50.5708|INFO|Microsoft.Hosting.Lifetime|Application started. Press Ctrl+C to shut down.
2022-01-30 15:29:50.5864|INFO|Microsoft.Hosting.Lifetime|Hosting environment: Development
2022-01-30 15:29:50.5864|INFO|Microsoft.Hosting.Lifetime|Content root path: E:\Proyectos\0-NetCore\eRestaurant\eWebApi
2022-01-30 15:39:27.2376|INFO|Microsoft.Hosting.Lifetime|Application started. Press Ctrl+C to shut down.
2022-01-30 15:39:27.2535|INFO|Microsoft.Hosting.Lifetime|Hosting environment: Development
2022-01-30 15:39:27.2535|INFO|Microsoft.Hosting.Lifetime|Content root path: E:\Proyectos\0-NetCore\eRestaurant\eWebApi
2022-01-30 15:42:53.9893|INFO|Microsoft.Hosting.Lifetime|Application started. Press Ctrl+C to shut down.
2022-01-30 15:42:54.0044|INFO|Microsoft.Hosting.Lifetime|Hosting environment: Development
2022-01-30 15:42:54.0061|INFO|Microsoft.Hosting.Lifetime|Content root path: E:\Proyectos\0-NetCore\eRestaurant\eWebApi
2022-01-30 15:45:25.0929|INFO|Microsoft.Hosting.Lifetime|Application started. Press Ctrl+C to shut down.
2022-01-30 15:45:25.1080|INFO|Microsoft.Hosting.Lifetime|Hosting environment: Development
2022-01-30 15:45:25.1080|INFO|Microsoft.Hosting.Lifetime|Content root path: E:\Proyectos\0-NetCore\eRestaurant\eWebApi
2022-01-30 15:53:47.8979|INFO|Microsoft.Hosting.Lifetime|Application started. Press Ctrl+C to shut down.
2022-01-30 15:53:47.9134|INFO|Microsoft.Hosting.Lifetime|Hosting environment: Development
2022-01-30 15:53:47.9134|INFO|Microsoft.Hosting.Lifetime|Content root path: E:\Proyectos\0-NetCore\eRestaurant\eWebApi
2022-01-30 15:56:43.9286|INFO|Microsoft.Hosting.Lifetime|Application started. Press Ctrl+C to shut down.
2022-01-30 15:56:43.9454|INFO|Microsoft.Hosting.Lifetime|Hosting environment: Development
2022-01-30 15:56:43.9454|INFO|Microsoft.Hosting.Lifetime|Content root path: E:\Proyectos\0-NetCore\eRestaurant\eWebApi
2022-01-30 16:01:28.7836|INFO|Microsoft.Hosting.Lifetime|Application started. Press Ctrl+C to shut down.
2022-01-30 16:01:28.7994|INFO|Microsoft.Hosting.Lifetime|Hosting environment: Development
2022-01-30 16:01:28.7994|INFO|Microsoft.Hosting.Lifetime|Content root path: E:\Proyectos\0-NetCore\eRestaurant\eWebApi
2022-01-30 16:06:17.1665|INFO|Microsoft.Hosting.Lifetime|Application started. Press Ctrl+C to shut down.
2022-01-30 16:06:17.1825|INFO|Microsoft.Hosting.Lifetime|Hosting environment: Development
2022-01-30 16:06:17.1825|INFO|Microsoft.Hosting.Lifetime|Content root path: E:\Proyectos\0-NetCore\eRestaurant\eWebApi
2022-01-30 16:06:37.1152|ERROR|Microsoft.EntityFrameworkCore.Query|An exception occurred while iterating over the results of a query for context type 'eInfrastructure.Contexts.ApplicationDbContext'.
System.InvalidOperationException: Cannot set MySqlCommand.CommandText when there is an open DataReader for this command; it must be closed first.
   at MySql.Data.MySqlClient.MySqlCommand.set_CommandText(String value) in /_/src/MySqlConnector/MySql.Data.MySqlClient/MySqlCommand.cs:line 148
   at Microsoft.EntityFrameworkCore.Storage.RelationalCommand.CreateCommand(RelationalCommandParameterObject parameterObject, Guid commandId, DbCommandMethod commandMethod)
   at Microsoft.EntityFrameworkCore.Storage.RelationalCommand.ExecuteReader(RelationalCommandParameterObject parameterObject)
   at Microsoft.EntityFrameworkCore.Query.Internal.QueryingEnumerable`1.Enumerator.InitializeReader(DbContext _, Boolean result)
   at Pomelo.EntityFrameworkCore.MySql.Storage.Internal.MySqlExecutionStrategy.Execute[TState,TResult](TState state, Func`3 operation, Func`3 verifySucceeded)
   at Microsoft.EntityFrameworkCore.Query.Internal.QueryingEnumerable`1.Enumerator.MoveNext()
2022-01-30 16:06:39.9750|ERROR|Microsoft.AspNetCore.Diagnostics.DeveloperExceptionPageMiddleware|An unhandled exception has occurred while executing the request.
2022-01-30 16:07:13.2505|INFO|Microsoft.Hosting.Lifetime|Application started. Press Ctrl+C to shut down.
2022-01-30 16:07:13.2661|INFO|Microsoft.Hosting.Lifetime|Hosting environment: Development
2022-01-30 16:07:13.2661|INFO|Microsoft.Hosting.Lifetime|Content root path: E:\Proyectos\0-NetCore\eRestaurant\eWebApi
2022-01-30 16:07:30.4976|ERROR|Microsoft.EntityFrameworkCore.Query|An exception occurred while iterating over the results of a query for context type 'eInfrastructure.Contexts.ApplicationDbContext'.
System.InvalidOperationException: Cannot set MySqlCommand.CommandText when there is an open DataReader for this command; it must be closed first.
   at MySql.Data.MySqlClient.MySqlCommand.set_CommandText(String value) in /_/src/MySqlConnector/MySql.Data.MySqlClient/MySqlCommand.cs:line 148
   at Microsoft.EntityFrameworkCore.Storage.RelationalCommand.CreateCommand(RelationalCommandParameterObject parameterObject, Guid commandId, DbCommandMethod commandMethod)
   at Microsoft.EntityFrameworkCore.Storage.RelationalCommand.ExecuteReader(RelationalCommandParameterObject parameterObject)
   at Microsoft.EntityFrameworkCore.Query.Internal.QueryingEnumerable`1.Enumerator.InitializeReader(DbContext _, Boolean result)
   at Pomelo.EntityFrameworkCore.MySql.Storage.Internal.MySqlExecutionStrategy.Execute[TState,TResult](TState state, Func`3 operation, Func`3 verifySucceeded)
   at Microsoft.EntityFrameworkCore.Query.Internal.QueryingEnumerable`1.Enumerator.MoveNext()
2022-01-30 16:08:10.5678|INFO|Microsoft.Hosting.Lifetime|Application started. Press Ctrl+C to shut down.
2022-01-30 16:08:10.5833|INFO|Microsoft.Hosting.Lifetime|Hosting environment: Development
2022-01-30 16:08:10.5833|INFO|Microsoft.Hosting.Lifetime|Content root path: E:\Proyectos\0-NetCore\eRestaurant\eWebApi
2022-01-30 16:09:57.3569|INFO|Microsoft.Hosting.Lifetime|Application started. Press Ctrl+C to shut down.
2022-01-30 16:09:57.3723|INFO|Microsoft.Hosting.Lifetime|Hosting environment: Development
2022-01-30 16:09:57.3723|INFO|Microsoft.Hosting.Lifetime|Content root path: E:\Proyectos\0-NetCore\eRestaurant\eWebApi
2022-01-30 16:10:28.5713|ERROR|Microsoft.EntityFrameworkCore.Query|An exception occurred while iterating over the results of a query for context type 'eInfrastructure.Contexts.ApplicationDbContext'.
System.InvalidOperationException: Cannot set MySqlCommand.CommandText when there is an open DataReader for this command; it must be closed first.
   at MySql.Data.MySqlClient.MySqlCommand.set_CommandText(String value) in /_/src/MySqlConnector/MySql.Data.MySqlClient/MySqlCommand.cs:line 148
   at Microsoft.EntityFrameworkCore.Storage.RelationalCommand.CreateCommand(RelationalCommandParameterObject parameterObject, Guid commandId, DbCommandMethod commandMethod)
   at Microsoft.EntityFrameworkCore.Storage.RelationalCommand.ExecuteReader(RelationalCommandParameterObject parameterObject)
   at Microsoft.EntityFrameworkCore.Query.Internal.QueryingEnumerable`1.Enumerator.InitializeReader(DbContext _, Boolean result)
   at Pomelo.EntityFrameworkCore.MySql.Storage.Internal.MySqlExecutionStrategy.Execute[TState,TResult](TState state, Func`3 operation, Func`3 verifySucceeded)
   at Microsoft.EntityFrameworkCore.Query.Internal.QueryingEnumerable`1.Enumerator.MoveNext()
2022-01-30 16:10:30.5004|ERROR|Microsoft.AspNetCore.Diagnostics.DeveloperExceptionPageMiddleware|An unhandled exception has occurred while executing the request.
2022-01-30 16:14:27.5755|INFO|Microsoft.Hosting.Lifetime|Application started. Press Ctrl+C to shut down.
2022-01-30 16:14:27.5910|INFO|Microsoft.Hosting.Lifetime|Hosting environment: Development
2022-01-30 16:14:27.5910|INFO|Microsoft.Hosting.Lifetime|Content root path: E:\Proyectos\0-NetCore\eRestaurant\eWebApi
2022-01-30 16:20:53.9196|INFO|Microsoft.Hosting.Lifetime|Application started. Press Ctrl+C to shut down.
2022-01-30 16:20:53.9459|INFO|Microsoft.Hosting.Lifetime|Hosting environment: Development
2022-01-30 16:20:53.9459|INFO|Microsoft.Hosting.Lifetime|Content root path: E:\Proyectos\0-NetCore\eRestaurant\eWebApi
2022-01-30 16:24:40.7394|INFO|Microsoft.Hosting.Lifetime|Application started. Press Ctrl+C to shut down.
2022-01-30 16:24:40.7552|INFO|Microsoft.Hosting.Lifetime|Hosting environment: Development
2022-01-30 16:24:40.7571|INFO|Microsoft.Hosting.Lifetime|Content root path: E:\Proyectos\0-NetCore\eRestaurant\eWebApi
2022-01-30 16:27:00.6604|INFO|Microsoft.Hosting.Lifetime|Application started. Press Ctrl+C to shut down.
2022-01-30 16:27:00.6804|INFO|Microsoft.Hosting.Lifetime|Hosting environment: Development
2022-01-30 16:27:00.6804|INFO|Microsoft.Hosting.Lifetime|Content root path: E:\Proyectos\0-NetCore\eRestaurant\eWebApi
2022-01-30 16:29:47.3166|INFO|Microsoft.Hosting.Lifetime|Application started. Press Ctrl+C to shut down.
2022-01-30 16:29:47.3325|INFO|Microsoft.Hosting.Lifetime|Hosting environment: Development
2022-01-30 16:29:47.3344|INFO|Microsoft.Hosting.Lifetime|Content root path: E:\Proyectos\0-NetCore\eRestaurant\eWebApi
2022-01-30 16:37:51.5625|INFO|Microsoft.Hosting.Lifetime|Application started. Press Ctrl+C to shut down.
2022-01-30 16:37:51.5774|INFO|Microsoft.Hosting.Lifetime|Hosting environment: Development
2022-01-30 16:37:51.5774|INFO|Microsoft.Hosting.Lifetime|Content root path: E:\Proyectos\0-NetCore\eRestaurant\eWebApi
2022-01-30 16:44:21.4387|INFO|Microsoft.Hosting.Lifetime|Application started. Press Ctrl+C to shut down.
2022-01-30 16:44:21.4544|INFO|Microsoft.Hosting.Lifetime|Hosting environment: Development
2022-01-30 16:44:21.4544|INFO|Microsoft.Hosting.Lifetime|Content root path: E:\Proyectos\0-NetCore\eRestaurant\eWebApi
2022-01-30 16:56:18.5908|INFO|Microsoft.Hosting.Lifetime|Application started. Press Ctrl+C to shut down.
2022-01-30 16:56:18.6066|INFO|Microsoft.Hosting.Lifetime|Hosting environment: Development
2022-01-30 16:56:18.6066|INFO|Microsoft.Hosting.Lifetime|Content root path: E:\Proyectos\0-NetCore\eRestaurant\eWebApi
2022-01-30 16:57:58.8560|INFO|Microsoft.Hosting.Lifetime|Application started. Press Ctrl+C to shut down.
2022-01-30 16:57:58.8727|INFO|Microsoft.Hosting.Lifetime|Hosting environment: Development
2022-01-30 16:57:58.8727|INFO|Microsoft.Hosting.Lifetime|Content root path: E:\Proyectos\0-NetCore\eRestaurant\eWebApi
2022-01-30 17:04:32.8545|INFO|Microsoft.Hosting.Lifetime|Application started. Press Ctrl+C to shut down.
2022-01-30 17:04:32.8735|INFO|Microsoft.Hosting.Lifetime|Hosting environment: Development
2022-01-30 17:04:32.8735|INFO|Microsoft.Hosting.Lifetime|Content root path: E:\Proyectos\0-NetCore\eRestaurant\eWebApi
2022-01-30 17:05:57.6991|INFO|Microsoft.Hosting.Lifetime|Application started. Press Ctrl+C to shut down.
2022-01-30 17:05:57.7156|INFO|Microsoft.Hosting.Lifetime|Hosting environment: Development
2022-01-30 17:05:57.7156|INFO|Microsoft.Hosting.Lifetime|Content root path: E:\Proyectos\0-NetCore\eRestaurant\eWebApi
2022-01-30 17:08:02.8090|INFO|Microsoft.Hosting.Lifetime|Application started. Press Ctrl+C to shut down.
2022-01-30 17:08:02.8244|INFO|Microsoft.Hosting.Lifetime|Hosting environment: Development
2022-01-30 17:08:02.8244|INFO|Microsoft.Hosting.Lifetime|Content root path: E:\Proyectos\0-NetCore\eRestaurant\eWebApi
2022-01-30 17:12:40.7064|INFO|Microsoft.Hosting.Lifetime|Application started. Press Ctrl+C to shut down.
2022-01-30 17:12:40.7237|INFO|Microsoft.Hosting.Lifetime|Hosting environment: Development
2022-01-30 17:12:40.7257|INFO|Microsoft.Hosting.Lifetime|Content root path: E:\Proyectos\0-NetCore\eRestaurant\eWebApi
2022-01-30 17:26:28.1477|INFO|Microsoft.Hosting.Lifetime|Application started. Press Ctrl+C to shut down.
2022-01-30 17:26:28.1632|INFO|Microsoft.Hosting.Lifetime|Hosting environment: Development
2022-01-30 17:26:28.1632|INFO|Microsoft.Hosting.Lifetime|Content root path: E:\Proyectos\0-NetCore\eRestaurant\eWebApi
2022-01-30 17:33:14.3809|INFO|Microsoft.Hosting.Lifetime|Application started. Press Ctrl+C to shut down.
2022-01-30 17:33:14.3963|INFO|Microsoft.Hosting.Lifetime|Hosting environment: Development
2022-01-30 17:33:14.3963|INFO|Microsoft.Hosting.Lifetime|Content root path: E:\Proyectos\0-NetCore\eRestaurant\eWebApi
2022-01-30 17:39:24.9182|INFO|Microsoft.Hosting.Lifetime|Application started. Press Ctrl+C to shut down.
2022-01-30 17:39:24.9374|INFO|Microsoft.Hosting.Lifetime|Hosting environment: Development
2022-01-30 17:39:24.9374|INFO|Microsoft.Hosting.Lifetime|Content root path: E:\Proyectos\0-NetCore\eRestaurant\eWebApi
2022-01-30 17:44:49.3544|INFO|Microsoft.Hosting.Lifetime|Application started. Press Ctrl+C to shut down.
2022-01-30 17:44:49.3700|INFO|Microsoft.Hosting.Lifetime|Hosting environment: Development
2022-01-30 17:44:49.3700|INFO|Microsoft.Hosting.Lifetime|Content root path: E:\Proyectos\0-NetCore\eRestaurant\eWebApi
2022-01-30 17:48:27.2225|INFO|Microsoft.Hosting.Lifetime|Application started. Press Ctrl+C to shut down.
2022-01-30 17:48:27.2407|INFO|Microsoft.Hosting.Lifetime|Hosting environment: Development
2022-01-30 17:48:27.2407|INFO|Microsoft.Hosting.Lifetime|Content root path: E:\Proyectos\0-NetCore\eRestaurant\eWebApi
